#
# There is insufficient memory for the Java Runtime Environment to continue.
# Native memory allocation (mmap) failed to map 17179869184 bytes for committing reserved memory.
# Possible reasons:
#   The system is out of physical RAM or swap space
#   The process is running with CompressedOops enabled, and the Java Heap may be blocking the growth of the native heap
# Possible solutions:
#   Reduce memory load on the system
#   Increase physical memory or swap space
#   Check if swap backing store is full
#   Decrease Java heap size (-Xmx/-Xms)
#   Decrease number of Java threads
#   Decrease Java thread stack sizes (-Xss)
#   Set larger code cache with -XX:ReservedCodeCacheSize=
# This output file may be truncated or incomplete.
#
#  Out of Memory Error (os_linux.cpp:2886), pid=21323, tid=21326
#
# JRE version:  (11.0.8+10) (build )
# Java VM: OpenJDK 64-Bit Server VM (11.0.8+10-post-Ubuntu-0ubuntu118.04.1, mixed mode, sharing, tiered, compressed oops, g1 gc, linux-amd64)
# Core dump will be written. Default location: Core dumps may be processed with "/usr/share/apport/apport %p %s %c %d %P %E" (or dumping to /home/local/workspace/codeforces-java/core.21323)
#

---------------  S U M M A R Y ------------

Command Line: -Declipse.application=org.eclipse.jdt.ls.core.id1 -Dosgi.bundles.defaultStartLevel=4 -Declipse.product=org.eclipse.jdt.ls.core.product -Dlog.protocol=true -Dlog.level=ALL -Xverify:none -Djdt.codeCompleteSubstringMatch=false -Xmx16G -Xms16g -XX:+UseG1GC -XX:+UseStringDeduplication -XX:+AggressiveOpts -javaagent:/home/local/resources/lombok.jar -Xbootclasspath/a:/home/local/resources/lombok.jar /home/local/resources/eclipse.jdt.ls/server/plugins/org.eclipse.equinox.launcher_1.5.700.v20200207-2156.jar -configuration /home/local/resources/eclipse.jdt.ls/server/config_linux -data /home/local/workspace/ --add-modules=ALL-SYSTEM --add-opens java.base/java.util=ALL-UNNAMED --add-opens java.base/java.lang=ALL-UNNAMED

Host: Intel(R) Core(TM) i7-5600U CPU @ 2.60GHz, 4 cores, 7G, Ubuntu 18.04.5 LTS
Time: Sun Sep 13 17:21:47 2020 PDT elapsed time: 0 seconds (0d 0h 0m 0s)

---------------  T H R E A D  ---------------

Current thread (0x00007f53a0018800):  JavaThread "Unknown thread" [_thread_in_vm, id=21326, stack(0x00007f53a8e90000,0x00007f53a8f91000)]

Stack: [0x00007f53a8e90000,0x00007f53a8f91000],  sp=0x00007f53a8f8f220,  free space=1020k
Native frames: (J=compiled Java code, A=aot compiled Java code, j=interpreted, Vv=VM code, C=native code)
V  [libjvm.so+0xdf8919]
V  [libjvm.so+0xdf95ab]
V  [libjvm.so+0x651835]
V  [libjvm.so+0xbd0698]
V  [libjvm.so+0xbc7acd]
V  [libjvm.so+0x77053f]
V  [libjvm.so+0x7707ae]
V  [libjvm.so+0x77c820]
V  [libjvm.so+0x7f8a49]
V  [libjvm.so+0x7f96a2]
V  [libjvm.so+0x7f9b09]
V  [libjvm.so+0x72ec3f]
V  [libjvm.so+0x72f32d]
V  [libjvm.so+0xdb2da2]
V  [libjvm.so+0xdb3036]
V  [libjvm.so+0x81c777]
V  [libjvm.so+0xd89eff]
V  [libjvm.so+0x8d6221]  JNI_CreateJavaVM+0x51
C  [libjli.so+0x4aef]
C  [libjli.so+0x946d]


---------------  P R O C E S S  ---------------

Threads class SMR info:
_java_thread_list=0x000056211e17e540, length=0, elements={
}

Java Threads: ( => current thread )

Other Threads:
  0x00007f53a0035800 GCTaskThread "GC Thread#0" [stack: 0x00007f53a4c7b000,0x00007f53a4d7b000] [id=21329]
  0x00007f53a0059000 ConcurrentGCThread "G1 Main Marker" [stack: 0x00007f53a4730000,0x00007f53a4830000] [id=21331]
  0x00007f53a005b000 ConcurrentGCThread "G1 Conc#0" [stack: 0x00007f53a462e000,0x00007f53a472e000] [id=21332]

[error occurred during error reporting (printing all threads), id 0xb, SIGSEGV (0xb) at pc=0x00007f53a7475f80]

VM state:not at safepoint (not fully initialized)

VM Mutex/Monitor currently owned by a thread:  ([mutex/lock_event])
[0x00007f53a0014e90] Heap_lock - owner thread: 0x00007f53a0018800

Heap address: 0x0000000400000000, size: 16384 MB, Compressed Oops mode: Non-zero based: 0x0000000400000000
Narrow klass base: 0x0000000000000000, Narrow klass shift: 0

GC Heap History (0 events):
No events

Deoptimization events (0 events):
No events

Classes redefined (0 events):
No events

Internal exceptions (0 events):
No events

Events (2 events):
Event: 0.002 Protecting memory [0x00007f53a8e90000,0x00007f53a8e94000] with protection modes 0
Event: 0.003 Loaded shared library /usr/lib/jvm/java-11-openjdk-amd64/lib/libzip.so


Dynamic libraries:
56211cb7e000-56211cb7f000 r-xp 00000000 fd:00 3410694                    /usr/lib/jvm/java-11-openjdk-amd64/bin/java
56211cd7f000-56211cd80000 r--p 00001000 fd:00 3410694                    /usr/lib/jvm/java-11-openjdk-amd64/bin/java
56211cd80000-56211cd81000 rw-p 00002000 fd:00 3410694                    /usr/lib/jvm/java-11-openjdk-amd64/bin/java
56211e166000-56211e187000 rw-p 00000000 00:00 0                          [heap]
7f5350000000-7f5350021000 rw-p 00000000 00:00 0 
7f5350021000-7f5354000000 ---p 00000000 00:00 0 
7f5358000000-7f5358021000 rw-p 00000000 00:00 0 
7f5358021000-7f535c000000 ---p 00000000 00:00 0 
7f535c000000-7f535e000000 rw-p 00000000 00:00 0 
7f535e000000-7f5384000000 ---p 00000000 00:00 0 
7f5384000000-7f5384021000 rw-p 00000000 00:00 0 
7f5384021000-7f5388000000 ---p 00000000 00:00 0 
7f5388902000-7f5388b72000 rwxp 00000000 00:00 0 
7f5388b72000-7f5388e92000 ---p 00000000 00:00 0 
7f5388e92000-7f5389102000 rwxp 00000000 00:00 0 
7f5389102000-7f53903ca000 ---p 00000000 00:00 0 
7f53903ca000-7f539063a000 rwxp 00000000 00:00 0 
7f539063a000-7f5397902000 ---p 00000000 00:00 0 
7f5397902000-7f53a0000000 r--s 00000000 fd:00 3413060                    /usr/lib/jvm/java-11-openjdk-amd64/lib/modules
7f53a0000000-7f53a0076000 rw-p 00000000 00:00 0 
7f53a0076000-7f53a4000000 ---p 00000000 00:00 0 
7f53a4228000-7f53a462c000 rw-p 00000000 00:00 0 
7f53a462c000-7f53a462d000 ---p 00000000 00:00 0 
7f53a462d000-7f53a472e000 rw-p 00000000 00:00 0 
7f53a472e000-7f53a472f000 ---p 00000000 00:00 0 
7f53a472f000-7f53a4c79000 rw-p 00000000 00:00 0 
7f53a4c79000-7f53a4c7a000 ---p 00000000 00:00 0 
7f53a4c7a000-7f53a4d80000 rw-p 00000000 00:00 0 
7f53a4d80000-7f53a4e66000 ---p 00000000 00:00 0 
7f53a4e66000-7f53a4e6b000 rw-p 00000000 00:00 0 
7f53a4e6b000-7f53a4f51000 ---p 00000000 00:00 0 
7f53a4f51000-7f53a4f58000 r-xp 00000000 fd:00 3413058                    /usr/lib/jvm/java-11-openjdk-amd64/lib/libzip.so
7f53a4f58000-7f53a5157000 ---p 00007000 fd:00 3413058                    /usr/lib/jvm/java-11-openjdk-amd64/lib/libzip.so
7f53a5157000-7f53a5158000 r--p 00006000 fd:00 3413058                    /usr/lib/jvm/java-11-openjdk-amd64/lib/libzip.so
7f53a5158000-7f53a5159000 rw-p 00007000 fd:00 3413058                    /usr/lib/jvm/java-11-openjdk-amd64/lib/libzip.so
7f53a5159000-7f53a5164000 r-xp 00000000 fd:00 786857                     /lib/x86_64-linux-gnu/libnss_files-2.27.so
7f53a5164000-7f53a5363000 ---p 0000b000 fd:00 786857                     /lib/x86_64-linux-gnu/libnss_files-2.27.so
7f53a5363000-7f53a5364000 r--p 0000a000 fd:00 786857                     /lib/x86_64-linux-gnu/libnss_files-2.27.so
7f53a5364000-7f53a5365000 rw-p 0000b000 fd:00 786857                     /lib/x86_64-linux-gnu/libnss_files-2.27.so
7f53a5365000-7f53a536b000 rw-p 00000000 00:00 0 
7f53a536b000-7f53a5382000 r-xp 00000000 fd:00 786854                     /lib/x86_64-linux-gnu/libnsl-2.27.so
7f53a5382000-7f53a5581000 ---p 00017000 fd:00 786854                     /lib/x86_64-linux-gnu/libnsl-2.27.so
7f53a5581000-7f53a5582000 r--p 00016000 fd:00 786854                     /lib/x86_64-linux-gnu/libnsl-2.27.so
7f53a5582000-7f53a5583000 rw-p 00017000 fd:00 786854                     /lib/x86_64-linux-gnu/libnsl-2.27.so
7f53a5583000-7f53a5585000 rw-p 00000000 00:00 0 
7f53a5585000-7f53a5590000 r-xp 00000000 fd:00 786859                     /lib/x86_64-linux-gnu/libnss_nis-2.27.so
7f53a5590000-7f53a578f000 ---p 0000b000 fd:00 786859                     /lib/x86_64-linux-gnu/libnss_nis-2.27.so
7f53a578f000-7f53a5790000 r--p 0000a000 fd:00 786859                     /lib/x86_64-linux-gnu/libnss_nis-2.27.so
7f53a5790000-7f53a5791000 rw-p 0000b000 fd:00 786859                     /lib/x86_64-linux-gnu/libnss_nis-2.27.so
7f53a5791000-7f53a5799000 r-xp 00000000 fd:00 786855                     /lib/x86_64-linux-gnu/libnss_compat-2.27.so
7f53a5799000-7f53a5999000 ---p 00008000 fd:00 786855                     /lib/x86_64-linux-gnu/libnss_compat-2.27.so
7f53a5999000-7f53a599a000 r--p 00008000 fd:00 786855                     /lib/x86_64-linux-gnu/libnss_compat-2.27.so
7f53a599a000-7f53a599b000 rw-p 00009000 fd:00 786855                     /lib/x86_64-linux-gnu/libnss_compat-2.27.so
7f53a599b000-7f53a59a5000 r-xp 00000000 fd:00 3412961                    /usr/lib/jvm/java-11-openjdk-amd64/lib/libinstrument.so
7f53a59a5000-7f53a5ba4000 ---p 0000a000 fd:00 3412961                    /usr/lib/jvm/java-11-openjdk-amd64/lib/libinstrument.so
7f53a5ba4000-7f53a5ba5000 r--p 00009000 fd:00 3412961                    /usr/lib/jvm/java-11-openjdk-amd64/lib/libinstrument.so
7f53a5ba5000-7f53a5ba6000 rw-p 0000a000 fd:00 3412961                    /usr/lib/jvm/java-11-openjdk-amd64/lib/libinstrument.so
7f53a5ba6000-7f53a5bab000 r-xp 00000000 fd:00 3413023                    /usr/lib/jvm/java-11-openjdk-amd64/lib/libjimage.so
7f53a5bab000-7f53a5daa000 ---p 00005000 fd:00 3413023                    /usr/lib/jvm/java-11-openjdk-amd64/lib/libjimage.so
7f53a5daa000-7f53a5dab000 r--p 00004000 fd:00 3413023                    /usr/lib/jvm/java-11-openjdk-amd64/lib/libjimage.so
7f53a5dab000-7f53a5dac000 rw-p 00005000 fd:00 3413023                    /usr/lib/jvm/java-11-openjdk-amd64/lib/libjimage.so
7f53a5dac000-7f53a5dd5000 r-xp 00000000 fd:00 3412971                    /usr/lib/jvm/java-11-openjdk-amd64/lib/libjava.so
7f53a5dd5000-7f53a5fd5000 ---p 00029000 fd:00 3412971                    /usr/lib/jvm/java-11-openjdk-amd64/lib/libjava.so
7f53a5fd5000-7f53a5fd6000 r--p 00029000 fd:00 3412971                    /usr/lib/jvm/java-11-openjdk-amd64/lib/libjava.so
7f53a5fd6000-7f53a5fd7000 rw-p 0002a000 fd:00 3412971                    /usr/lib/jvm/java-11-openjdk-amd64/lib/libjava.so
7f53a5fd7000-7f53a5fd8000 rw-p 00000000 00:00 0 
7f53a5fd8000-7f53a5fe5000 r-xp 00000000 fd:00 3413055                    /usr/lib/jvm/java-11-openjdk-amd64/lib/libverify.so
7f53a5fe5000-7f53a61e4000 ---p 0000d000 fd:00 3413055                    /usr/lib/jvm/java-11-openjdk-amd64/lib/libverify.so
7f53a61e4000-7f53a61e6000 r--p 0000c000 fd:00 3413055                    /usr/lib/jvm/java-11-openjdk-amd64/lib/libverify.so
7f53a61e6000-7f53a61e7000 rw-p 0000e000 fd:00 3413055                    /usr/lib/jvm/java-11-openjdk-amd64/lib/libverify.so
7f53a61e7000-7f53a61ee000 r-xp 00000000 fd:00 786864                     /lib/x86_64-linux-gnu/librt-2.27.so
7f53a61ee000-7f53a63ed000 ---p 00007000 fd:00 786864                     /lib/x86_64-linux-gnu/librt-2.27.so
7f53a63ed000-7f53a63ee000 r--p 00006000 fd:00 786864                     /lib/x86_64-linux-gnu/librt-2.27.so
7f53a63ee000-7f53a63ef000 rw-p 00007000 fd:00 786864                     /lib/x86_64-linux-gnu/librt-2.27.so
7f53a63ef000-7f53a6406000 r-xp 00000000 fd:00 786748                     /lib/x86_64-linux-gnu/libgcc_s.so.1
7f53a6406000-7f53a6605000 ---p 00017000 fd:00 786748                     /lib/x86_64-linux-gnu/libgcc_s.so.1
7f53a6605000-7f53a6606000 r--p 00016000 fd:00 786748                     /lib/x86_64-linux-gnu/libgcc_s.so.1
7f53a6606000-7f53a6607000 rw-p 00017000 fd:00 786748                     /lib/x86_64-linux-gnu/libgcc_s.so.1
7f53a6607000-7f53a67a4000 r-xp 00000000 fd:00 786851                     /lib/x86_64-linux-gnu/libm-2.27.so
7f53a67a4000-7f53a69a3000 ---p 0019d000 fd:00 786851                     /lib/x86_64-linux-gnu/libm-2.27.so
7f53a69a3000-7f53a69a4000 r--p 0019c000 fd:00 786851                     /lib/x86_64-linux-gnu/libm-2.27.so
7f53a69a4000-7f53a69a5000 rw-p 0019d000 fd:00 786851                     /lib/x86_64-linux-gnu/libm-2.27.so
7f53a69a5000-7f53a6b1e000 r-xp 00000000 fd:00 3411337                    /usr/lib/x86_64-linux-gnu/libstdc++.so.6.0.25
7f53a6b1e000-7f53a6d1e000 ---p 00179000 fd:00 3411337                    /usr/lib/x86_64-linux-gnu/libstdc++.so.6.0.25
7f53a6d1e000-7f53a6d28000 r--p 00179000 fd:00 3411337                    /usr/lib/x86_64-linux-gnu/libstdc++.so.6.0.25
7f53a6d28000-7f53a6d2a000 rw-p 00183000 fd:00 3411337                    /usr/lib/x86_64-linux-gnu/libstdc++.so.6.0.25
7f53a6d2a000-7f53a6d2e000 rw-p 00000000 00:00 0 
7f53a6d2e000-7f53a7e0c000 r-xp 00000000 fd:00 3413066                    /usr/lib/jvm/java-11-openjdk-amd64/lib/server/libjvm.so
7f53a7e0c000-7f53a800b000 ---p 010de000 fd:00 3413066                    /usr/lib/jvm/java-11-openjdk-amd64/lib/server/libjvm.so
7f53a800b000-7f53a80c8000 r--p 010dd000 fd:00 3413066                    /usr/lib/jvm/java-11-openjdk-amd64/lib/server/libjvm.so
7f53a80c8000-7f53a8101000 rw-p 0119a000 fd:00 3413066                    /usr/lib/jvm/java-11-openjdk-amd64/lib/server/libjvm.so
7f53a8101000-7f53a8158000 rw-p 00000000 00:00 0 
7f53a8158000-7f53a8172000 r-xp 00000000 fd:00 786862                     /lib/x86_64-linux-gnu/libpthread-2.27.so
7f53a8172000-7f53a8371000 ---p 0001a000 fd:00 786862                     /lib/x86_64-linux-gnu/libpthread-2.27.so
7f53a8371000-7f53a8372000 r--p 00019000 fd:00 786862                     /lib/x86_64-linux-gnu/libpthread-2.27.so
7f53a8372000-7f53a8373000 rw-p 0001a000 fd:00 786862                     /lib/x86_64-linux-gnu/libpthread-2.27.so
7f53a8373000-7f53a8377000 rw-p 00000000 00:00 0 
7f53a8377000-7f53a837a000 r-xp 00000000 fd:00 786850                     /lib/x86_64-linux-gnu/libdl-2.27.so
7f53a837a000-7f53a8579000 ---p 00003000 fd:00 786850                     /lib/x86_64-linux-gnu/libdl-2.27.so
7f53a8579000-7f53a857a000 r--p 00002000 fd:00 786850                     /lib/x86_64-linux-gnu/libdl-2.27.so
7f53a857a000-7f53a857b000 rw-p 00003000 fd:00 786850                     /lib/x86_64-linux-gnu/libdl-2.27.so
7f53a857b000-7f53a8597000 r-xp 00000000 fd:00 791544                     /lib/x86_64-linux-gnu/libz.so.1.2.11
7f53a8597000-7f53a8796000 ---p 0001c000 fd:00 791544                     /lib/x86_64-linux-gnu/libz.so.1.2.11
7f53a8796000-7f53a8797000 r--p 0001b000 fd:00 791544                     /lib/x86_64-linux-gnu/libz.so.1.2.11
7f53a8797000-7f53a8798000 rw-p 0001c000 fd:00 791544                     /lib/x86_64-linux-gnu/libz.so.1.2.11
7f53a8798000-7f53a897f000 r-xp 00000000 fd:00 786847                     /lib/x86_64-linux-gnu/libc-2.27.so
7f53a897f000-7f53a8b7f000 ---p 001e7000 fd:00 786847                     /lib/x86_64-linux-gnu/libc-2.27.so
7f53a8b7f000-7f53a8b83000 r--p 001e7000 fd:00 786847                     /lib/x86_64-linux-gnu/libc-2.27.so
7f53a8b83000-7f53a8b85000 rw-p 001eb000 fd:00 786847                     /lib/x86_64-linux-gnu/libc-2.27.so
7f53a8b85000-7f53a8b89000 rw-p 00000000 00:00 0 
7f53a8b89000-7f53a8b99000 r-xp 00000000 fd:00 3412939                    /usr/lib/jvm/java-11-openjdk-amd64/lib/jli/libjli.so
7f53a8b99000-7f53a8d98000 ---p 00010000 fd:00 3412939                    /usr/lib/jvm/java-11-openjdk-amd64/lib/jli/libjli.so
7f53a8d98000-7f53a8d99000 r--p 0000f000 fd:00 3412939                    /usr/lib/jvm/java-11-openjdk-amd64/lib/jli/libjli.so
7f53a8d99000-7f53a8d9a000 rw-p 00010000 fd:00 3412939                    /usr/lib/jvm/java-11-openjdk-amd64/lib/jli/libjli.so
7f53a8d9a000-7f53a8dc1000 r-xp 00000000 fd:00 786756                     /lib/x86_64-linux-gnu/ld-2.27.so
7f53a8e03000-7f53a8e89000 rw-p 00000000 00:00 0 
7f53a8e89000-7f53a8e90000 ---p 00000000 00:00 0 
7f53a8e90000-7f53a8e94000 ---p 00000000 00:00 0 
7f53a8e94000-7f53a8f93000 rw-p 00000000 00:00 0 
7f53a8f9b000-7f53a8fb3000 r--s 0019f000 fd:00 1317677                    /home/local/resources/lombok.jar
7f53a8fb3000-7f53a8fb5000 r--s 00007000 fd:00 3803850                    /usr/share/java/java-atk-wrapper.jar
7f53a8fb5000-7f53a8fbd000 rw-s 00000000 fd:00 3803206                    /tmp/hsperfdata_local/21323
7f53a8fbd000-7f53a8fbe000 ---p 00000000 00:00 0 
7f53a8fbe000-7f53a8fbf000 r--p 00000000 00:00 0 
7f53a8fbf000-7f53a8fc1000 rw-p 00000000 00:00 0 
7f53a8fc1000-7f53a8fc2000 r--p 00027000 fd:00 786756                     /lib/x86_64-linux-gnu/ld-2.27.so
7f53a8fc2000-7f53a8fc3000 rw-p 00028000 fd:00 786756                     /lib/x86_64-linux-gnu/ld-2.27.so
7f53a8fc3000-7f53a8fc4000 rw-p 00000000 00:00 0 
7ffc2de6e000-7ffc2de8f000 rw-p 00000000 00:00 0                          [stack]
7ffc2df9f000-7ffc2dfa2000 r--p 00000000 00:00 0                          [vvar]
7ffc2dfa2000-7ffc2dfa3000 r-xp 00000000 00:00 0                          [vdso]
ffffffffff600000-ffffffffff601000 --xp 00000000 00:00 0                  [vsyscall]


VM Arguments:
jvm_args: -Declipse.application=org.eclipse.jdt.ls.core.id1 -Dosgi.bundles.defaultStartLevel=4 -Declipse.product=org.eclipse.jdt.ls.core.product -Dlog.protocol=true -Dlog.level=ALL -Xverify:none -Djdt.codeCompleteSubstringMatch=false -Xmx16G -Xms16g -XX:+UseG1GC -XX:+UseStringDeduplication -XX:+AggressiveOpts -javaagent:/home/local/resources/lombok.jar -Xbootclasspath/a:/home/local/resources/lombok.jar 
java_command: /home/local/resources/eclipse.jdt.ls/server/plugins/org.eclipse.equinox.launcher_1.5.700.v20200207-2156.jar -configuration /home/local/resources/eclipse.jdt.ls/server/config_linux -data /home/local/workspace/ --add-modules=ALL-SYSTEM --add-opens java.base/java.util=ALL-UNNAMED --add-opens java.base/java.lang=ALL-UNNAMED
java_class_path (initial): /home/local/resources/eclipse.jdt.ls/server/plugins/org.eclipse.equinox.launcher_1.5.700.v20200207-2156.jar
Launcher Type: SUN_STANDARD

[Global flags]
     bool AggressiveOpts                           = true                                      {product} {command line}
     bool BytecodeVerificationLocal                = false                                     {product} {command line}
     bool BytecodeVerificationRemote               = false                                     {product} {command line}
     intx CICompilerCount                          = 3                                         {product} {ergonomic}
     uint ConcGCThreads                            = 1                                         {product} {ergonomic}
     uint G1ConcRefinementThreads                  = 4                                         {product} {ergonomic}
   size_t G1HeapRegionSize                         = 8388608                                   {product} {ergonomic}
    uintx GCDrainStackTargetSize                   = 64                                        {product} {ergonomic}
   size_t InitialHeapSize                          = 17179869184                               {product} {command line}
   size_t MarkStackSize                            = 4194304                                   {product} {ergonomic}
   size_t MaxHeapSize                              = 17179869184                               {product} {command line}
   size_t MinHeapDeltaBytes                        = 8388608                                   {product} {ergonomic}
    uintx NonNMethodCodeHeapSize                   = 5830732                                {pd product} {ergonomic}
    uintx NonProfiledCodeHeapSize                  = 122913754                              {pd product} {ergonomic}
    uintx ProfiledCodeHeapSize                     = 122913754                              {pd product} {ergonomic}
    uintx ReservedCodeCacheSize                    = 251658240                              {pd product} {ergonomic}
     bool SegmentedCodeCache                       = true                                      {product} {ergonomic}
     bool UseCompressedClassPointers               = true                                 {lp64_product} {ergonomic}
     bool UseCompressedOops                        = true                                 {lp64_product} {ergonomic}
     bool UseG1GC                                  = true                                      {product} {command line}
     bool UseStringDeduplication                   = true                                      {product} {command line}

Logging:
Log output configuration:
 #0: stdout all=warning uptime,level,tags
 #1: stderr all=off uptime,level,tags

Environment Variables:
PATH=/opt/riscv/bin:/home/local/.local/bin:/home/local/.local/bin:/usr/local/sbin:/usr/local/bin:/usr/sbin:/usr/bin:/sbin:/bin:/usr/games:/usr/local/games:/snap/bin
USERNAME=local
SHELL=/bin/bash
DISPLAY=:0
LANG=en_CA.UTF-8

Signal Handlers:
SIGSEGV: [libjvm.so+0xdf9610], sa_mask[0]=11111111011111111101111111111110, sa_flags=SA_RESTART|SA_SIGINFO
SIGBUS: [libjvm.so+0xdf9610], sa_mask[0]=11111111011111111101111111111110, sa_flags=SA_RESTART|SA_SIGINFO
SIGFPE: [libjvm.so+0xdf9610], sa_mask[0]=11111111011111111101111111111110, sa_flags=SA_RESTART|SA_SIGINFO
SIGPIPE: [libjvm.so+0xbcc360], sa_mask[0]=11111111011111111101111111111110, sa_flags=SA_RESTART|SA_SIGINFO
SIGXFSZ: [libjvm.so+0xbcc360], sa_mask[0]=11111111011111111101111111111110, sa_flags=SA_RESTART|SA_SIGINFO
SIGILL: [libjvm.so+0xdf9610], sa_mask[0]=11111111011111111101111111111110, sa_flags=SA_RESTART|SA_SIGINFO
SIGUSR2: [libjvm.so+0xbcc200], sa_mask[0]=00000000000000000000000000000000, sa_flags=SA_RESTART|SA_SIGINFO
SIGHUP: SIG_DFL, sa_mask[0]=00000000000000000000000000000000, sa_flags=none
SIGINT: SIG_DFL, sa_mask[0]=00000000000000000000000000000000, sa_flags=none
SIGTERM: SIG_DFL, sa_mask[0]=00000000000000000000000000000000, sa_flags=none
SIGQUIT: SIG_DFL, sa_mask[0]=00000000000000000000000000000000, sa_flags=none


---------------  S Y S T E M  ---------------

OS:DISTRIB_ID=Ubuntu
DISTRIB_RELEASE=18.04
DISTRIB_CODENAME=bionic
DISTRIB_DESCRIPTION="Ubuntu 18.04.5 LTS"
uname:Linux 5.4.0-45-generic #49~18.04.2-Ubuntu SMP Wed Aug 26 16:29:02 UTC 2020 x86_64
OS uptime: 1 days 18:39 hours
libc:glibc 2.27 NPTL 2.27 
rlimit (soft/hard): STACK 9788k/infinity , CORE 0k/infinity , NPROC 31147/31147 , NOFILE 1048576/1048576 , AS infinity/infinity , CPU infinity/infinity , DATA infinity/infinity , FSIZE infinity/infinity , MEMLOCK 16384k/16384k
load average:0.55 0.51 1.96

/proc/meminfo:
MemTotal:        8023752 kB
MemFree:         1543268 kB
MemAvailable:    3541468 kB
Buffers:          311788 kB
Cached:          2413092 kB
SwapCached:        36632 kB
Active:          4033972 kB
Inactive:        1830332 kB
Active(anon):    3070260 kB
Inactive(anon):   735012 kB
Active(file):     963712 kB
Inactive(file):  1095320 kB
Unevictable:       91172 kB
Mlocked:              48 kB
SwapTotal:       1003516 kB
SwapFree:         161956 kB
Dirty:              1228 kB
Writeback:             0 kB
AnonPages:       3194592 kB
Mapped:           602272 kB
Shmem:            665592 kB
KReclaimable:     243880 kB
Slab:             341896 kB
SReclaimable:     243880 kB
SUnreclaim:        98016 kB
KernelStack:       20308 kB
PageTables:       100948 kB
NFS_Unstable:          0 kB
Bounce:                0 kB
WritebackTmp:          0 kB
CommitLimit:     5015392 kB
Committed_AS:   16686188 kB
VmallocTotal:   34359738367 kB
VmallocUsed:       38332 kB
VmallocChunk:          0 kB
Percpu:             3360 kB
HardwareCorrupted:     0 kB
AnonHugePages:         0 kB
ShmemHugePages:        0 kB
ShmemPmdMapped:        0 kB
FileHugePages:         0 kB
FilePmdMapped:         0 kB
CmaTotal:              0 kB
CmaFree:               0 kB
HugePages_Total:       0
HugePages_Free:        0
HugePages_Rsvd:        0
HugePages_Surp:        0
Hugepagesize:       2048 kB
Hugetlb:               0 kB
DirectMap4k:      441196 kB
DirectMap2M:     7819264 kB
DirectMap1G:           0 kB

/sys/kernel/mm/transparent_hugepage/enabled:
always [madvise] never

/sys/kernel/mm/transparent_hugepage/defrag (defrag/compaction efforts parameter):
always defer defer+madvise [madvise] never


/proc/sys/kernel/threads-max (system-wide limit on the number of threads):
62295


/proc/sys/vm/max_map_count (maximum number of memory map areas a process may have):
65530


/proc/sys/kernel/pid_max (system-wide limit on number of process identifiers):
32768



container (cgroup) information:
container_type: cgroupv1
cpu_cpuset_cpus: 0-3
cpu_memory_nodes: 0
active_processor_count: 4
cpu_quota: -1
cpu_period: 100000
cpu_shares: -1
memory_limit_in_bytes: -1
memory_and_swap_limit_in_bytes: -2
memory_soft_limit_in_bytes: -1
memory_usage_in_bytes: 6080942080
memory_max_usage_in_bytes: 5554176

Steal ticks since vm start: 0
Steal ticks percentage since vm start:  0.000

CPU:total 4 (initial active 4) (2 cores per cpu, 2 threads per core) family 6 model 61 stepping 4, cmov, cx8, fxsr, mmx, sse, sse2, sse3, ssse3, sse4.1, sse4.2, popcnt, avx, avx2, aes, clmul, erms, rtm, 3dnowpref, lzcnt, ht, tsc, tscinvbit, bmi1, bmi2, adx, fma
CPU Model and flags from /proc/cpuinfo:
model name	: Intel(R) Core(TM) i7-5600U CPU @ 2.60GHz
flags		: fpu vme de pse tsc msr pae mce cx8 apic sep mtrr pge mca cmov pat pse36 clflush dts acpi mmx fxsr sse sse2 ss ht tm pbe syscall nx pdpe1gb rdtscp lm constant_tsc arch_perfmon pebs bts rep_good nopl xtopology nonstop_tsc cpuid aperfmperf pni pclmulqdq dtes64 monitor ds_cpl vmx smx est tm2 ssse3 sdbg fma cx16 xtpr pdcm pcid sse4_1 sse4_2 x2apic movbe popcnt tsc_deadline_timer aes xsave avx f16c rdrand lahf_lm abm 3dnowprefetch cpuid_fault epb invpcid_single pti ssbd ibrs ibpb stibp tpr_shadow vnmi flexpriority ept vpid ept_ad fsgsbase tsc_adjust bmi1 hle avx2 smep bmi2 erms invpcid rtm rdseed adx smap intel_pt xsaveopt dtherm ida arat pln pts md_clear flush_l1d

Memory: 4k page, physical 8023752k(1543268k free), swap 1003516k(161956k free)

vm_info: OpenJDK 64-Bit Server VM (11.0.8+10-post-Ubuntu-0ubuntu118.04.1) for linux-amd64 JRE (11.0.8+10-post-Ubuntu-0ubuntu118.04.1), built on Jul 15 2020 20:45:24 by "unknown" with gcc 7.5.0

END.
