#
# There is insufficient memory for the Java Runtime Environment to continue.
# Native memory allocation (mmap) failed to map 17179869184 bytes for committing reserved memory.
# Possible reasons:
#   The system is out of physical RAM or swap space
#   The process is running with CompressedOops enabled, and the Java Heap may be blocking the growth of the native heap
# Possible solutions:
#   Reduce memory load on the system
#   Increase physical memory or swap space
#   Check if swap backing store is full
#   Decrease Java heap size (-Xmx/-Xms)
#   Decrease number of Java threads
#   Decrease Java thread stack sizes (-Xss)
#   Set larger code cache with -XX:ReservedCodeCacheSize=
# This output file may be truncated or incomplete.
#
#  Out of Memory Error (os_linux.cpp:2886), pid=17432, tid=17433
#
# JRE version:  (11.0.8+10) (build )
# Java VM: OpenJDK 64-Bit Server VM (11.0.8+10-post-Ubuntu-0ubuntu118.04.1, mixed mode, sharing, tiered, compressed oops, g1 gc, linux-amd64)
# No core dump will be written. Core dumps have been disabled. To enable core dumping, try "ulimit -c unlimited" before starting Java again
#

---------------  S U M M A R Y ------------

Command Line: -Declipse.application=org.eclipse.jdt.ls.core.id1 -Dosgi.bundles.defaultStartLevel=4 -Declipse.product=org.eclipse.jdt.ls.core.product -Dlog.protocol=true -Dlog.level=ALL -Xverify:none -Djdt.codeCompleteSubstringMatch=false -Xmx16G -Xms16g -XX:+UseG1GC -XX:+UseStringDeduplication -XX:+AggressiveOpts -javaagent:/home/local/resources/lombok.jar -Xbootclasspath/a:/home/local/resources/lombok.jar /home/local/resources/eclipse.jdt.ls/server/plugins/org.eclipse.equinox.launcher_1.5.700.v20200207-2156.jar -configuration /home/local/resources/eclipse.jdt.ls/server/config_linux -data /home/local/workspace/ --add-modules=ALL-SYSTEM --add-opens java.base/java.util=ALL-UNNAMED --add-opens java.base/java.lang=ALL-UNNAMED

Host: Intel(R) Core(TM) i7-5600U CPU @ 2.60GHz, 4 cores, 7G, Ubuntu 18.04.5 LTS
Time: Sun Sep  6 22:52:12 2020 PDT elapsed time: 0 seconds (0d 0h 0m 0s)

---------------  T H R E A D  ---------------

Current thread (0x00007f17a8018800):  JavaThread "Unknown thread" [_thread_in_vm, id=17433, stack(0x00007f17b0722000,0x00007f17b0823000)]

Stack: [0x00007f17b0722000,0x00007f17b0823000],  sp=0x00007f17b0821220,  free space=1020k
Native frames: (J=compiled Java code, A=aot compiled Java code, j=interpreted, Vv=VM code, C=native code)
V  [libjvm.so+0xdf8919]
V  [libjvm.so+0xdf95ab]
V  [libjvm.so+0x651835]
V  [libjvm.so+0xbd0698]
V  [libjvm.so+0xbc7acd]
V  [libjvm.so+0x77053f]
V  [libjvm.so+0x7707ae]
V  [libjvm.so+0x77c820]
V  [libjvm.so+0x7f8a49]
V  [libjvm.so+0x7f96a2]
V  [libjvm.so+0x7f9b09]
V  [libjvm.so+0x72ec3f]
V  [libjvm.so+0x72f32d]
V  [libjvm.so+0xdb2da2]
V  [libjvm.so+0xdb3036]
V  [libjvm.so+0x81c777]
V  [libjvm.so+0xd89eff]
V  [libjvm.so+0x8d6221]  JNI_CreateJavaVM+0x51
C  [libjli.so+0x4aef]
C  [libjli.so+0x946d]


---------------  P R O C E S S  ---------------

Threads class SMR info:
_java_thread_list=0x0000556e0631b540, length=0, elements={
}

Java Threads: ( => current thread )

Other Threads:
  0x00007f17a8035800 GCTaskThread "GC Thread#0" [stack: 0x00007f17ac4fd000,0x00007f17ac5fd000] [id=17434]
  0x00007f17a8059000 ConcurrentGCThread "G1 Main Marker" [stack: 0x00007f1790802000,0x00007f1790902000] [id=17435]
  0x00007f17a805b000 ConcurrentGCThread "G1 Conc#0" [stack: 0x00007f1790700000,0x00007f1790800000] [id=17436]

[error occurred during error reporting (printing all threads), id 0xb, SIGSEGV (0xb) at pc=0x00007f17aecf7f80]

VM state:not at safepoint (not fully initialized)

VM Mutex/Monitor currently owned by a thread:  ([mutex/lock_event])
[0x00007f17a8014e90] Heap_lock - owner thread: 0x00007f17a8018800

Heap address: 0x0000000400000000, size: 16384 MB, Compressed Oops mode: Non-zero based: 0x0000000400000000
Narrow klass base: 0x0000000000000000, Narrow klass shift: 0

GC Heap History (0 events):
No events

Deoptimization events (0 events):
No events

Classes redefined (0 events):
No events

Internal exceptions (0 events):
No events

Events (2 events):
Event: 0.001 Protecting memory [0x00007f17b0722000,0x00007f17b0726000] with protection modes 0
Event: 0.002 Loaded shared library /usr/lib/jvm/java-11-openjdk-amd64/lib/libzip.so


Dynamic libraries:
556e05738000-556e05739000 r-xp 00000000 fd:00 3410694                    /usr/lib/jvm/java-11-openjdk-amd64/bin/java
556e05939000-556e0593a000 r--p 00001000 fd:00 3410694                    /usr/lib/jvm/java-11-openjdk-amd64/bin/java
556e0593a000-556e0593b000 rw-p 00002000 fd:00 3410694                    /usr/lib/jvm/java-11-openjdk-amd64/bin/java
556e06303000-556e06324000 rw-p 00000000 00:00 0                          [heap]
7f1758000000-7f1758021000 rw-p 00000000 00:00 0 
7f1758021000-7f175c000000 ---p 00000000 00:00 0 
7f1760000000-7f1760021000 rw-p 00000000 00:00 0 
7f1760021000-7f1764000000 ---p 00000000 00:00 0 
7f1764000000-7f1766000000 rw-p 00000000 00:00 0 
7f1766000000-7f178c000000 ---p 00000000 00:00 0 
7f178c000000-7f178c021000 rw-p 00000000 00:00 0 
7f178c021000-7f1790000000 ---p 00000000 00:00 0 
7f17902fa000-7f17906fe000 rw-p 00000000 00:00 0 
7f17906fe000-7f17906ff000 ---p 00000000 00:00 0 
7f17906ff000-7f1790800000 rw-p 00000000 00:00 0 
7f1790800000-7f1790801000 ---p 00000000 00:00 0 
7f1790801000-7f1790902000 rw-p 00000000 00:00 0 
7f1790902000-7f1790b72000 rwxp 00000000 00:00 0 
7f1790b72000-7f1790e92000 ---p 00000000 00:00 0 
7f1790e92000-7f1791102000 rwxp 00000000 00:00 0 
7f1791102000-7f17983ca000 ---p 00000000 00:00 0 
7f17983ca000-7f179863a000 rwxp 00000000 00:00 0 
7f179863a000-7f179f902000 ---p 00000000 00:00 0 
7f179f902000-7f17a8000000 r--s 00000000 fd:00 3413060                    /usr/lib/jvm/java-11-openjdk-amd64/lib/modules
7f17a8000000-7f17a8076000 rw-p 00000000 00:00 0 
7f17a8076000-7f17ac000000 ---p 00000000 00:00 0 
7f17ac0f7000-7f17ac4fb000 rw-p 00000000 00:00 0 
7f17ac4fb000-7f17ac4fc000 ---p 00000000 00:00 0 
7f17ac4fc000-7f17ac602000 rw-p 00000000 00:00 0 
7f17ac602000-7f17ac6e8000 ---p 00000000 00:00 0 
7f17ac6e8000-7f17ac6ed000 rw-p 00000000 00:00 0 
7f17ac6ed000-7f17ac7d3000 ---p 00000000 00:00 0 
7f17ac7d3000-7f17ac7da000 r-xp 00000000 fd:00 3413058                    /usr/lib/jvm/java-11-openjdk-amd64/lib/libzip.so
7f17ac7da000-7f17ac9d9000 ---p 00007000 fd:00 3413058                    /usr/lib/jvm/java-11-openjdk-amd64/lib/libzip.so
7f17ac9d9000-7f17ac9da000 r--p 00006000 fd:00 3413058                    /usr/lib/jvm/java-11-openjdk-amd64/lib/libzip.so
7f17ac9da000-7f17ac9db000 rw-p 00007000 fd:00 3413058                    /usr/lib/jvm/java-11-openjdk-amd64/lib/libzip.so
7f17ac9db000-7f17ac9e6000 r-xp 00000000 fd:00 786857                     /lib/x86_64-linux-gnu/libnss_files-2.27.so
7f17ac9e6000-7f17acbe5000 ---p 0000b000 fd:00 786857                     /lib/x86_64-linux-gnu/libnss_files-2.27.so
7f17acbe5000-7f17acbe6000 r--p 0000a000 fd:00 786857                     /lib/x86_64-linux-gnu/libnss_files-2.27.so
7f17acbe6000-7f17acbe7000 rw-p 0000b000 fd:00 786857                     /lib/x86_64-linux-gnu/libnss_files-2.27.so
7f17acbe7000-7f17acbed000 rw-p 00000000 00:00 0 
7f17acbed000-7f17acc04000 r-xp 00000000 fd:00 786854                     /lib/x86_64-linux-gnu/libnsl-2.27.so
7f17acc04000-7f17ace03000 ---p 00017000 fd:00 786854                     /lib/x86_64-linux-gnu/libnsl-2.27.so
7f17ace03000-7f17ace04000 r--p 00016000 fd:00 786854                     /lib/x86_64-linux-gnu/libnsl-2.27.so
7f17ace04000-7f17ace05000 rw-p 00017000 fd:00 786854                     /lib/x86_64-linux-gnu/libnsl-2.27.so
7f17ace05000-7f17ace07000 rw-p 00000000 00:00 0 
7f17ace07000-7f17ace12000 r-xp 00000000 fd:00 786859                     /lib/x86_64-linux-gnu/libnss_nis-2.27.so
7f17ace12000-7f17ad011000 ---p 0000b000 fd:00 786859                     /lib/x86_64-linux-gnu/libnss_nis-2.27.so
7f17ad011000-7f17ad012000 r--p 0000a000 fd:00 786859                     /lib/x86_64-linux-gnu/libnss_nis-2.27.so
7f17ad012000-7f17ad013000 rw-p 0000b000 fd:00 786859                     /lib/x86_64-linux-gnu/libnss_nis-2.27.so
7f17ad013000-7f17ad01b000 r-xp 00000000 fd:00 786855                     /lib/x86_64-linux-gnu/libnss_compat-2.27.so
7f17ad01b000-7f17ad21b000 ---p 00008000 fd:00 786855                     /lib/x86_64-linux-gnu/libnss_compat-2.27.so
7f17ad21b000-7f17ad21c000 r--p 00008000 fd:00 786855                     /lib/x86_64-linux-gnu/libnss_compat-2.27.so
7f17ad21c000-7f17ad21d000 rw-p 00009000 fd:00 786855                     /lib/x86_64-linux-gnu/libnss_compat-2.27.so
7f17ad21d000-7f17ad227000 r-xp 00000000 fd:00 3412961                    /usr/lib/jvm/java-11-openjdk-amd64/lib/libinstrument.so
7f17ad227000-7f17ad426000 ---p 0000a000 fd:00 3412961                    /usr/lib/jvm/java-11-openjdk-amd64/lib/libinstrument.so
7f17ad426000-7f17ad427000 r--p 00009000 fd:00 3412961                    /usr/lib/jvm/java-11-openjdk-amd64/lib/libinstrument.so
7f17ad427000-7f17ad428000 rw-p 0000a000 fd:00 3412961                    /usr/lib/jvm/java-11-openjdk-amd64/lib/libinstrument.so
7f17ad428000-7f17ad42d000 r-xp 00000000 fd:00 3413023                    /usr/lib/jvm/java-11-openjdk-amd64/lib/libjimage.so
7f17ad42d000-7f17ad62c000 ---p 00005000 fd:00 3413023                    /usr/lib/jvm/java-11-openjdk-amd64/lib/libjimage.so
7f17ad62c000-7f17ad62d000 r--p 00004000 fd:00 3413023                    /usr/lib/jvm/java-11-openjdk-amd64/lib/libjimage.so
7f17ad62d000-7f17ad62e000 rw-p 00005000 fd:00 3413023                    /usr/lib/jvm/java-11-openjdk-amd64/lib/libjimage.so
7f17ad62e000-7f17ad657000 r-xp 00000000 fd:00 3412971                    /usr/lib/jvm/java-11-openjdk-amd64/lib/libjava.so
7f17ad657000-7f17ad857000 ---p 00029000 fd:00 3412971                    /usr/lib/jvm/java-11-openjdk-amd64/lib/libjava.so
7f17ad857000-7f17ad858000 r--p 00029000 fd:00 3412971                    /usr/lib/jvm/java-11-openjdk-amd64/lib/libjava.so
7f17ad858000-7f17ad859000 rw-p 0002a000 fd:00 3412971                    /usr/lib/jvm/java-11-openjdk-amd64/lib/libjava.so
7f17ad859000-7f17ad85a000 rw-p 00000000 00:00 0 
7f17ad85a000-7f17ad867000 r-xp 00000000 fd:00 3413055                    /usr/lib/jvm/java-11-openjdk-amd64/lib/libverify.so
7f17ad867000-7f17ada66000 ---p 0000d000 fd:00 3413055                    /usr/lib/jvm/java-11-openjdk-amd64/lib/libverify.so
7f17ada66000-7f17ada68000 r--p 0000c000 fd:00 3413055                    /usr/lib/jvm/java-11-openjdk-amd64/lib/libverify.so
7f17ada68000-7f17ada69000 rw-p 0000e000 fd:00 3413055                    /usr/lib/jvm/java-11-openjdk-amd64/lib/libverify.so
7f17ada69000-7f17ada70000 r-xp 00000000 fd:00 786864                     /lib/x86_64-linux-gnu/librt-2.27.so
7f17ada70000-7f17adc6f000 ---p 00007000 fd:00 786864                     /lib/x86_64-linux-gnu/librt-2.27.so
7f17adc6f000-7f17adc70000 r--p 00006000 fd:00 786864                     /lib/x86_64-linux-gnu/librt-2.27.so
7f17adc70000-7f17adc71000 rw-p 00007000 fd:00 786864                     /lib/x86_64-linux-gnu/librt-2.27.so
7f17adc71000-7f17adc88000 r-xp 00000000 fd:00 786748                     /lib/x86_64-linux-gnu/libgcc_s.so.1
7f17adc88000-7f17ade87000 ---p 00017000 fd:00 786748                     /lib/x86_64-linux-gnu/libgcc_s.so.1
7f17ade87000-7f17ade88000 r--p 00016000 fd:00 786748                     /lib/x86_64-linux-gnu/libgcc_s.so.1
7f17ade88000-7f17ade89000 rw-p 00017000 fd:00 786748                     /lib/x86_64-linux-gnu/libgcc_s.so.1
7f17ade89000-7f17ae026000 r-xp 00000000 fd:00 786851                     /lib/x86_64-linux-gnu/libm-2.27.so
7f17ae026000-7f17ae225000 ---p 0019d000 fd:00 786851                     /lib/x86_64-linux-gnu/libm-2.27.so
7f17ae225000-7f17ae226000 r--p 0019c000 fd:00 786851                     /lib/x86_64-linux-gnu/libm-2.27.so
7f17ae226000-7f17ae227000 rw-p 0019d000 fd:00 786851                     /lib/x86_64-linux-gnu/libm-2.27.so
7f17ae227000-7f17ae3a0000 r-xp 00000000 fd:00 3411337                    /usr/lib/x86_64-linux-gnu/libstdc++.so.6.0.25
7f17ae3a0000-7f17ae5a0000 ---p 00179000 fd:00 3411337                    /usr/lib/x86_64-linux-gnu/libstdc++.so.6.0.25
7f17ae5a0000-7f17ae5aa000 r--p 00179000 fd:00 3411337                    /usr/lib/x86_64-linux-gnu/libstdc++.so.6.0.25
7f17ae5aa000-7f17ae5ac000 rw-p 00183000 fd:00 3411337                    /usr/lib/x86_64-linux-gnu/libstdc++.so.6.0.25
7f17ae5ac000-7f17ae5b0000 rw-p 00000000 00:00 0 
7f17ae5b0000-7f17af68e000 r-xp 00000000 fd:00 3413066                    /usr/lib/jvm/java-11-openjdk-amd64/lib/server/libjvm.so
7f17af68e000-7f17af88d000 ---p 010de000 fd:00 3413066                    /usr/lib/jvm/java-11-openjdk-amd64/lib/server/libjvm.so
7f17af88d000-7f17af94a000 r--p 010dd000 fd:00 3413066                    /usr/lib/jvm/java-11-openjdk-amd64/lib/server/libjvm.so
7f17af94a000-7f17af983000 rw-p 0119a000 fd:00 3413066                    /usr/lib/jvm/java-11-openjdk-amd64/lib/server/libjvm.so
7f17af983000-7f17af9da000 rw-p 00000000 00:00 0 
7f17af9da000-7f17af9f4000 r-xp 00000000 fd:00 786862                     /lib/x86_64-linux-gnu/libpthread-2.27.so
7f17af9f4000-7f17afbf3000 ---p 0001a000 fd:00 786862                     /lib/x86_64-linux-gnu/libpthread-2.27.so
7f17afbf3000-7f17afbf4000 r--p 00019000 fd:00 786862                     /lib/x86_64-linux-gnu/libpthread-2.27.so
7f17afbf4000-7f17afbf5000 rw-p 0001a000 fd:00 786862                     /lib/x86_64-linux-gnu/libpthread-2.27.so
7f17afbf5000-7f17afbf9000 rw-p 00000000 00:00 0 
7f17afbf9000-7f17afbfc000 r-xp 00000000 fd:00 786850                     /lib/x86_64-linux-gnu/libdl-2.27.so
7f17afbfc000-7f17afdfb000 ---p 00003000 fd:00 786850                     /lib/x86_64-linux-gnu/libdl-2.27.so
7f17afdfb000-7f17afdfc000 r--p 00002000 fd:00 786850                     /lib/x86_64-linux-gnu/libdl-2.27.so
7f17afdfc000-7f17afdfd000 rw-p 00003000 fd:00 786850                     /lib/x86_64-linux-gnu/libdl-2.27.so
7f17afdfd000-7f17afe19000 r-xp 00000000 fd:00 791544                     /lib/x86_64-linux-gnu/libz.so.1.2.11
7f17afe19000-7f17b0018000 ---p 0001c000 fd:00 791544                     /lib/x86_64-linux-gnu/libz.so.1.2.11
7f17b0018000-7f17b0019000 r--p 0001b000 fd:00 791544                     /lib/x86_64-linux-gnu/libz.so.1.2.11
7f17b0019000-7f17b001a000 rw-p 0001c000 fd:00 791544                     /lib/x86_64-linux-gnu/libz.so.1.2.11
7f17b001a000-7f17b0201000 r-xp 00000000 fd:00 786847                     /lib/x86_64-linux-gnu/libc-2.27.so
7f17b0201000-7f17b0401000 ---p 001e7000 fd:00 786847                     /lib/x86_64-linux-gnu/libc-2.27.so
7f17b0401000-7f17b0405000 r--p 001e7000 fd:00 786847                     /lib/x86_64-linux-gnu/libc-2.27.so
7f17b0405000-7f17b0407000 rw-p 001eb000 fd:00 786847                     /lib/x86_64-linux-gnu/libc-2.27.so
7f17b0407000-7f17b040b000 rw-p 00000000 00:00 0 
7f17b040b000-7f17b041b000 r-xp 00000000 fd:00 3412939                    /usr/lib/jvm/java-11-openjdk-amd64/lib/jli/libjli.so
7f17b041b000-7f17b061a000 ---p 00010000 fd:00 3412939                    /usr/lib/jvm/java-11-openjdk-amd64/lib/jli/libjli.so
7f17b061a000-7f17b061b000 r--p 0000f000 fd:00 3412939                    /usr/lib/jvm/java-11-openjdk-amd64/lib/jli/libjli.so
7f17b061b000-7f17b061c000 rw-p 00010000 fd:00 3412939                    /usr/lib/jvm/java-11-openjdk-amd64/lib/jli/libjli.so
7f17b061c000-7f17b0643000 r-xp 00000000 fd:00 786756                     /lib/x86_64-linux-gnu/ld-2.27.so
7f17b0644000-7f17b070a000 rw-p 00000000 00:00 0 
7f17b070a000-7f17b0722000 r--s 0019f000 fd:00 1317677                    /home/local/resources/lombok.jar
7f17b0722000-7f17b0726000 ---p 00000000 00:00 0 
7f17b0726000-7f17b0825000 rw-p 00000000 00:00 0 
7f17b0829000-7f17b082e000 rw-p 00000000 00:00 0 
7f17b082e000-7f17b0835000 ---p 00000000 00:00 0 
7f17b0835000-7f17b0837000 r--s 00007000 fd:00 3803850                    /usr/share/java/java-atk-wrapper.jar
7f17b0837000-7f17b083f000 rw-s 00000000 fd:00 3802154                    /tmp/hsperfdata_local/17432
7f17b083f000-7f17b0840000 ---p 00000000 00:00 0 
7f17b0840000-7f17b0841000 r--p 00000000 00:00 0 
7f17b0841000-7f17b0843000 rw-p 00000000 00:00 0 
7f17b0843000-7f17b0844000 r--p 00027000 fd:00 786756                     /lib/x86_64-linux-gnu/ld-2.27.so
7f17b0844000-7f17b0845000 rw-p 00028000 fd:00 786756                     /lib/x86_64-linux-gnu/ld-2.27.so
7f17b0845000-7f17b0846000 rw-p 00000000 00:00 0 
7ffd83b7f000-7ffd83ba0000 rw-p 00000000 00:00 0                          [stack]
7ffd83bc6000-7ffd83bc9000 r--p 00000000 00:00 0                          [vvar]
7ffd83bc9000-7ffd83bca000 r-xp 00000000 00:00 0                          [vdso]
ffffffffff600000-ffffffffff601000 --xp 00000000 00:00 0                  [vsyscall]


VM Arguments:
jvm_args: -Declipse.application=org.eclipse.jdt.ls.core.id1 -Dosgi.bundles.defaultStartLevel=4 -Declipse.product=org.eclipse.jdt.ls.core.product -Dlog.protocol=true -Dlog.level=ALL -Xverify:none -Djdt.codeCompleteSubstringMatch=false -Xmx16G -Xms16g -XX:+UseG1GC -XX:+UseStringDeduplication -XX:+AggressiveOpts -javaagent:/home/local/resources/lombok.jar -Xbootclasspath/a:/home/local/resources/lombok.jar 
java_command: /home/local/resources/eclipse.jdt.ls/server/plugins/org.eclipse.equinox.launcher_1.5.700.v20200207-2156.jar -configuration /home/local/resources/eclipse.jdt.ls/server/config_linux -data /home/local/workspace/ --add-modules=ALL-SYSTEM --add-opens java.base/java.util=ALL-UNNAMED --add-opens java.base/java.lang=ALL-UNNAMED
java_class_path (initial): /home/local/resources/eclipse.jdt.ls/server/plugins/org.eclipse.equinox.launcher_1.5.700.v20200207-2156.jar
Launcher Type: SUN_STANDARD

[Global flags]
     bool AggressiveOpts                           = true                                      {product} {command line}
     bool BytecodeVerificationLocal                = false                                     {product} {command line}
     bool BytecodeVerificationRemote               = false                                     {product} {command line}
     intx CICompilerCount                          = 3                                         {product} {ergonomic}
     uint ConcGCThreads                            = 1                                         {product} {ergonomic}
     uint G1ConcRefinementThreads                  = 4                                         {product} {ergonomic}
   size_t G1HeapRegionSize                         = 8388608                                   {product} {ergonomic}
    uintx GCDrainStackTargetSize                   = 64                                        {product} {ergonomic}
   size_t InitialHeapSize                          = 17179869184                               {product} {command line}
   size_t MarkStackSize                            = 4194304                                   {product} {ergonomic}
   size_t MaxHeapSize                              = 17179869184                               {product} {command line}
   size_t MinHeapDeltaBytes                        = 8388608                                   {product} {ergonomic}
    uintx NonNMethodCodeHeapSize                   = 5830732                                {pd product} {ergonomic}
    uintx NonProfiledCodeHeapSize                  = 122913754                              {pd product} {ergonomic}
    uintx ProfiledCodeHeapSize                     = 122913754                              {pd product} {ergonomic}
    uintx ReservedCodeCacheSize                    = 251658240                              {pd product} {ergonomic}
     bool SegmentedCodeCache                       = true                                      {product} {ergonomic}
     bool UseCompressedClassPointers               = true                                 {lp64_product} {ergonomic}
     bool UseCompressedOops                        = true                                 {lp64_product} {ergonomic}
     bool UseG1GC                                  = true                                      {product} {command line}
     bool UseStringDeduplication                   = true                                      {product} {command line}

Logging:
Log output configuration:
 #0: stdout all=warning uptime,level,tags
 #1: stderr all=off uptime,level,tags

Environment Variables:
PATH=/opt/riscv/bin:/home/local/.local/bin:/home/local/.local/bin:/usr/local/sbin:/usr/local/bin:/usr/sbin:/usr/bin:/sbin:/bin:/usr/games:/usr/local/games:/snap/bin
USERNAME=local
SHELL=/bin/bash
DISPLAY=:0
LANG=en_CA.UTF-8

Signal Handlers:
SIGSEGV: [libjvm.so+0xdf9610], sa_mask[0]=11111111011111111101111111111110, sa_flags=SA_RESTART|SA_SIGINFO
SIGBUS: [libjvm.so+0xdf9610], sa_mask[0]=11111111011111111101111111111110, sa_flags=SA_RESTART|SA_SIGINFO
SIGFPE: [libjvm.so+0xdf9610], sa_mask[0]=11111111011111111101111111111110, sa_flags=SA_RESTART|SA_SIGINFO
SIGPIPE: [libjvm.so+0xbcc360], sa_mask[0]=11111111011111111101111111111110, sa_flags=SA_RESTART|SA_SIGINFO
SIGXFSZ: [libjvm.so+0xbcc360], sa_mask[0]=11111111011111111101111111111110, sa_flags=SA_RESTART|SA_SIGINFO
SIGILL: [libjvm.so+0xdf9610], sa_mask[0]=11111111011111111101111111111110, sa_flags=SA_RESTART|SA_SIGINFO
SIGUSR2: [libjvm.so+0xbcc200], sa_mask[0]=00000000000000000000000000000000, sa_flags=SA_RESTART|SA_SIGINFO
SIGHUP: SIG_DFL, sa_mask[0]=00000000000000000000000000000000, sa_flags=none
SIGINT: SIG_DFL, sa_mask[0]=00000000000000000000000000000000, sa_flags=none
SIGTERM: SIG_DFL, sa_mask[0]=00000000000000000000000000000000, sa_flags=none
SIGQUIT: SIG_DFL, sa_mask[0]=00000000000000000000000000000000, sa_flags=none


---------------  S Y S T E M  ---------------

OS:DISTRIB_ID=Ubuntu
DISTRIB_RELEASE=18.04
DISTRIB_CODENAME=bionic
DISTRIB_DESCRIPTION="Ubuntu 18.04.5 LTS"
uname:Linux 5.4.0-45-generic #49~18.04.2-Ubuntu SMP Wed Aug 26 16:29:02 UTC 2020 x86_64
OS uptime: 0 days 7:33 hours
libc:glibc 2.27 NPTL 2.27 
rlimit (soft/hard): STACK 9788k/infinity , CORE 0k/infinity , NPROC 31147/31147 , NOFILE 1048576/1048576 , AS infinity/infinity , CPU infinity/infinity , DATA infinity/infinity , FSIZE infinity/infinity , MEMLOCK 16384k/16384k
load average:0.43 0.47 0.29

/proc/meminfo:
MemTotal:        8023760 kB
MemFree:         2146888 kB
MemAvailable:    4727052 kB
Buffers:          308448 kB
Cached:          3299464 kB
SwapCached:            0 kB
Active:          2970008 kB
Inactive:        2148244 kB
Active(anon):    1783172 kB
Inactive(anon):   722000 kB
Active(file):    1186836 kB
Inactive(file):  1426244 kB
Unevictable:      270332 kB
Mlocked:              48 kB
SwapTotal:       1003516 kB
SwapFree:        1003516 kB
Dirty:               320 kB
Writeback:             0 kB
AnonPages:       1780520 kB
Mapped:          1136748 kB
Shmem:            994836 kB
KReclaimable:     271696 kB
Slab:             351324 kB
SReclaimable:     271696 kB
SUnreclaim:        79628 kB
KernelStack:       14640 kB
PageTables:        70084 kB
NFS_Unstable:          0 kB
Bounce:                0 kB
WritebackTmp:          0 kB
CommitLimit:     5015396 kB
Committed_AS:   10859760 kB
VmallocTotal:   34359738367 kB
VmallocUsed:       31824 kB
VmallocChunk:          0 kB
Percpu:             3168 kB
HardwareCorrupted:     0 kB
AnonHugePages:         0 kB
ShmemHugePages:        0 kB
ShmemPmdMapped:        0 kB
FileHugePages:         0 kB
FilePmdMapped:         0 kB
CmaTotal:              0 kB
CmaFree:               0 kB
HugePages_Total:       0
HugePages_Free:        0
HugePages_Rsvd:        0
HugePages_Surp:        0
Hugepagesize:       2048 kB
Hugetlb:               0 kB
DirectMap4k:      295788 kB
DirectMap2M:     7964672 kB
DirectMap1G:           0 kB

/sys/kernel/mm/transparent_hugepage/enabled:
always [madvise] never

/sys/kernel/mm/transparent_hugepage/defrag (defrag/compaction efforts parameter):
always defer defer+madvise [madvise] never


/proc/sys/kernel/threads-max (system-wide limit on the number of threads):
62295


/proc/sys/vm/max_map_count (maximum number of memory map areas a process may have):
65530


/proc/sys/kernel/pid_max (system-wide limit on number of process identifiers):
32768



container (cgroup) information:
container_type: cgroupv1
cpu_cpuset_cpus: 0-3
cpu_memory_nodes: 0
active_processor_count: 4
cpu_quota: -1
cpu_period: 100000
cpu_shares: -1
memory_limit_in_bytes: -1
memory_and_swap_limit_in_bytes: -2
memory_soft_limit_in_bytes: -1
memory_usage_in_bytes: 5517979648
memory_max_usage_in_bytes: 0

Steal ticks since vm start: 0
Steal ticks percentage since vm start:  0.000

CPU:total 4 (initial active 4) (2 cores per cpu, 2 threads per core) family 6 model 61 stepping 4, cmov, cx8, fxsr, mmx, sse, sse2, sse3, ssse3, sse4.1, sse4.2, popcnt, avx, avx2, aes, clmul, erms, rtm, 3dnowpref, lzcnt, ht, tsc, tscinvbit, bmi1, bmi2, adx, fma
CPU Model and flags from /proc/cpuinfo:
model name	: Intel(R) Core(TM) i7-5600U CPU @ 2.60GHz
flags		: fpu vme de pse tsc msr pae mce cx8 apic sep mtrr pge mca cmov pat pse36 clflush dts acpi mmx fxsr sse sse2 ss ht tm pbe syscall nx pdpe1gb rdtscp lm constant_tsc arch_perfmon pebs bts rep_good nopl xtopology nonstop_tsc cpuid aperfmperf pni pclmulqdq dtes64 monitor ds_cpl vmx smx est tm2 ssse3 sdbg fma cx16 xtpr pdcm pcid sse4_1 sse4_2 x2apic movbe popcnt tsc_deadline_timer aes xsave avx f16c rdrand lahf_lm abm 3dnowprefetch cpuid_fault epb invpcid_single pti ssbd ibrs ibpb stibp tpr_shadow vnmi flexpriority ept vpid ept_ad fsgsbase tsc_adjust bmi1 hle avx2 smep bmi2 erms invpcid rtm rdseed adx smap intel_pt xsaveopt dtherm ida arat pln pts md_clear flush_l1d

Memory: 4k page, physical 8023760k(2146888k free), swap 1003516k(1003516k free)

vm_info: OpenJDK 64-Bit Server VM (11.0.8+10-post-Ubuntu-0ubuntu118.04.1) for linux-amd64 JRE (11.0.8+10-post-Ubuntu-0ubuntu118.04.1), built on Jul 15 2020 20:45:24 by "unknown" with gcc 7.5.0

END.
