#
# There is insufficient memory for the Java Runtime Environment to continue.
# Native memory allocation (mmap) failed to map 17179869184 bytes for committing reserved memory.
# Possible reasons:
#   The system is out of physical RAM or swap space
#   The process is running with CompressedOops enabled, and the Java Heap may be blocking the growth of the native heap
# Possible solutions:
#   Reduce memory load on the system
#   Increase physical memory or swap space
#   Check if swap backing store is full
#   Decrease Java heap size (-Xmx/-Xms)
#   Decrease number of Java threads
#   Decrease Java thread stack sizes (-Xss)
#   Set larger code cache with -XX:ReservedCodeCacheSize=
# This output file may be truncated or incomplete.
#
#  Out of Memory Error (os_linux.cpp:2886), pid=17405, tid=17409
#
# JRE version:  (11.0.8+10) (build )
# Java VM: OpenJDK 64-Bit Server VM (11.0.8+10-post-Ubuntu-0ubuntu118.04.1, mixed mode, sharing, tiered, compressed oops, g1 gc, linux-amd64)
# No core dump will be written. Core dumps have been disabled. To enable core dumping, try "ulimit -c unlimited" before starting Java again
#

---------------  S U M M A R Y ------------

Command Line: -Declipse.application=org.eclipse.jdt.ls.core.id1 -Dosgi.bundles.defaultStartLevel=4 -Declipse.product=org.eclipse.jdt.ls.core.product -Dlog.protocol=true -Dlog.level=ALL -Xverify:none -Djdt.codeCompleteSubstringMatch=false -Xmx16G -Xms16g -XX:+UseG1GC -XX:+UseStringDeduplication -XX:+AggressiveOpts -javaagent:/home/local/resources/lombok.jar -Xbootclasspath/a:/home/local/resources/lombok.jar /home/local/resources/eclipse.jdt.ls/server/plugins/org.eclipse.equinox.launcher_1.5.700.v20200207-2156.jar -configuration /home/local/resources/eclipse.jdt.ls/server/config_linux -data /home/local/workspace/ --add-modules=ALL-SYSTEM --add-opens java.base/java.util=ALL-UNNAMED --add-opens java.base/java.lang=ALL-UNNAMED

Host: Intel(R) Core(TM) i7-5600U CPU @ 2.60GHz, 4 cores, 7G, Ubuntu 18.04.5 LTS
Time: Sun Sep  6 22:52:10 2020 PDT elapsed time: 0 seconds (0d 0h 0m 0s)

---------------  T H R E A D  ---------------

Current thread (0x00007f1898018800):  JavaThread "Unknown thread" [_thread_in_vm, id=17409, stack(0x00007f18a274a000,0x00007f18a284b000)]

Stack: [0x00007f18a274a000,0x00007f18a284b000],  sp=0x00007f18a2849220,  free space=1020k
Native frames: (J=compiled Java code, A=aot compiled Java code, j=interpreted, Vv=VM code, C=native code)
V  [libjvm.so+0xdf8919]
V  [libjvm.so+0xdf95ab]
V  [libjvm.so+0x651835]
V  [libjvm.so+0xbd0698]
V  [libjvm.so+0xbc7acd]
V  [libjvm.so+0x77053f]
V  [libjvm.so+0x7707ae]
V  [libjvm.so+0x77c820]
V  [libjvm.so+0x7f8a49]
V  [libjvm.so+0x7f96a2]
V  [libjvm.so+0x7f9b09]
V  [libjvm.so+0x72ec3f]
V  [libjvm.so+0x72f32d]
V  [libjvm.so+0xdb2da2]
V  [libjvm.so+0xdb3036]
V  [libjvm.so+0x81c777]
V  [libjvm.so+0xd89eff]
V  [libjvm.so+0x8d6221]  JNI_CreateJavaVM+0x51
C  [libjli.so+0x4aef]
C  [libjli.so+0x946d]


---------------  P R O C E S S  ---------------

Threads class SMR info:
_java_thread_list=0x000055e4df915540, length=0, elements={
}

Java Threads: ( => current thread )

Other Threads:
  0x00007f1898035800 GCTaskThread "GC Thread#0" [stack: 0x00007f189e525000,0x00007f189e625000] [id=17412]
  0x00007f1898059000 ConcurrentGCThread "G1 Main Marker" [stack: 0x00007f189c01f000,0x00007f189c11f000] [id=17413]
  0x00007f189805b000 ConcurrentGCThread "G1 Conc#0" [stack: 0x00007f1880802000,0x00007f1880902000] [id=17414]

[error occurred during error reporting (printing all threads), id 0xb, SIGSEGV (0xb) at pc=0x00007f18a0d1ff80]

VM state:not at safepoint (not fully initialized)

VM Mutex/Monitor currently owned by a thread:  ([mutex/lock_event])
[0x00007f1898014e90] Heap_lock - owner thread: 0x00007f1898018800

Heap address: 0x0000000400000000, size: 16384 MB, Compressed Oops mode: Non-zero based: 0x0000000400000000
Narrow klass base: 0x0000000000000000, Narrow klass shift: 0

GC Heap History (0 events):
No events

Deoptimization events (0 events):
No events

Classes redefined (0 events):
No events

Internal exceptions (0 events):
No events

Events (2 events):
Event: 0.002 Protecting memory [0x00007f18a274a000,0x00007f18a274e000] with protection modes 0
Event: 0.003 Loaded shared library /usr/lib/jvm/java-11-openjdk-amd64/lib/libzip.so


Dynamic libraries:
55e4df44a000-55e4df44b000 r-xp 00000000 fd:00 3410694                    /usr/lib/jvm/java-11-openjdk-amd64/bin/java
55e4df64b000-55e4df64c000 r--p 00001000 fd:00 3410694                    /usr/lib/jvm/java-11-openjdk-amd64/bin/java
55e4df64c000-55e4df64d000 rw-p 00002000 fd:00 3410694                    /usr/lib/jvm/java-11-openjdk-amd64/bin/java
55e4df8fd000-55e4df91e000 rw-p 00000000 00:00 0                          [heap]
7f184e000000-7f1850000000 rw-p 00000000 00:00 0 
7f1850000000-7f1850021000 rw-p 00000000 00:00 0 
7f1850021000-7f1854000000 ---p 00000000 00:00 0 
7f1854000000-7f1854021000 rw-p 00000000 00:00 0 
7f1854021000-7f187c000000 ---p 00000000 00:00 0 
7f187c000000-7f187c021000 rw-p 00000000 00:00 0 
7f187c021000-7f1880000000 ---p 00000000 00:00 0 
7f18803fc000-7f1880800000 rw-p 00000000 00:00 0 
7f1880800000-7f1880801000 ---p 00000000 00:00 0 
7f1880801000-7f1880902000 rw-p 00000000 00:00 0 
7f1880902000-7f1880b72000 rwxp 00000000 00:00 0 
7f1880b72000-7f1880e92000 ---p 00000000 00:00 0 
7f1880e92000-7f1881102000 rwxp 00000000 00:00 0 
7f1881102000-7f18883ca000 ---p 00000000 00:00 0 
7f18883ca000-7f188863a000 rwxp 00000000 00:00 0 
7f188863a000-7f188f902000 ---p 00000000 00:00 0 
7f188f902000-7f1898000000 r--s 00000000 fd:00 3413060                    /usr/lib/jvm/java-11-openjdk-amd64/lib/modules
7f1898000000-7f1898076000 rw-p 00000000 00:00 0 
7f1898076000-7f189c000000 ---p 00000000 00:00 0 
7f189c01d000-7f189c01e000 ---p 00000000 00:00 0 
7f189c01e000-7f189c11f000 rw-p 00000000 00:00 0 
7f189c11f000-7f189e11f000 ---p 00000000 00:00 0 
7f189e11f000-7f189e523000 rw-p 00000000 00:00 0 
7f189e523000-7f189e524000 ---p 00000000 00:00 0 
7f189e524000-7f189e62a000 rw-p 00000000 00:00 0 
7f189e62a000-7f189e710000 ---p 00000000 00:00 0 
7f189e710000-7f189e715000 rw-p 00000000 00:00 0 
7f189e715000-7f189e7fb000 ---p 00000000 00:00 0 
7f189e7fb000-7f189e802000 r-xp 00000000 fd:00 3413058                    /usr/lib/jvm/java-11-openjdk-amd64/lib/libzip.so
7f189e802000-7f189ea01000 ---p 00007000 fd:00 3413058                    /usr/lib/jvm/java-11-openjdk-amd64/lib/libzip.so
7f189ea01000-7f189ea02000 r--p 00006000 fd:00 3413058                    /usr/lib/jvm/java-11-openjdk-amd64/lib/libzip.so
7f189ea02000-7f189ea03000 rw-p 00007000 fd:00 3413058                    /usr/lib/jvm/java-11-openjdk-amd64/lib/libzip.so
7f189ea03000-7f189ea0e000 r-xp 00000000 fd:00 786857                     /lib/x86_64-linux-gnu/libnss_files-2.27.so
7f189ea0e000-7f189ec0d000 ---p 0000b000 fd:00 786857                     /lib/x86_64-linux-gnu/libnss_files-2.27.so
7f189ec0d000-7f189ec0e000 r--p 0000a000 fd:00 786857                     /lib/x86_64-linux-gnu/libnss_files-2.27.so
7f189ec0e000-7f189ec0f000 rw-p 0000b000 fd:00 786857                     /lib/x86_64-linux-gnu/libnss_files-2.27.so
7f189ec0f000-7f189ec15000 rw-p 00000000 00:00 0 
7f189ec15000-7f189ec2c000 r-xp 00000000 fd:00 786854                     /lib/x86_64-linux-gnu/libnsl-2.27.so
7f189ec2c000-7f189ee2b000 ---p 00017000 fd:00 786854                     /lib/x86_64-linux-gnu/libnsl-2.27.so
7f189ee2b000-7f189ee2c000 r--p 00016000 fd:00 786854                     /lib/x86_64-linux-gnu/libnsl-2.27.so
7f189ee2c000-7f189ee2d000 rw-p 00017000 fd:00 786854                     /lib/x86_64-linux-gnu/libnsl-2.27.so
7f189ee2d000-7f189ee2f000 rw-p 00000000 00:00 0 
7f189ee2f000-7f189ee3a000 r-xp 00000000 fd:00 786859                     /lib/x86_64-linux-gnu/libnss_nis-2.27.so
7f189ee3a000-7f189f039000 ---p 0000b000 fd:00 786859                     /lib/x86_64-linux-gnu/libnss_nis-2.27.so
7f189f039000-7f189f03a000 r--p 0000a000 fd:00 786859                     /lib/x86_64-linux-gnu/libnss_nis-2.27.so
7f189f03a000-7f189f03b000 rw-p 0000b000 fd:00 786859                     /lib/x86_64-linux-gnu/libnss_nis-2.27.so
7f189f03b000-7f189f043000 r-xp 00000000 fd:00 786855                     /lib/x86_64-linux-gnu/libnss_compat-2.27.so
7f189f043000-7f189f243000 ---p 00008000 fd:00 786855                     /lib/x86_64-linux-gnu/libnss_compat-2.27.so
7f189f243000-7f189f244000 r--p 00008000 fd:00 786855                     /lib/x86_64-linux-gnu/libnss_compat-2.27.so
7f189f244000-7f189f245000 rw-p 00009000 fd:00 786855                     /lib/x86_64-linux-gnu/libnss_compat-2.27.so
7f189f245000-7f189f24f000 r-xp 00000000 fd:00 3412961                    /usr/lib/jvm/java-11-openjdk-amd64/lib/libinstrument.so
7f189f24f000-7f189f44e000 ---p 0000a000 fd:00 3412961                    /usr/lib/jvm/java-11-openjdk-amd64/lib/libinstrument.so
7f189f44e000-7f189f44f000 r--p 00009000 fd:00 3412961                    /usr/lib/jvm/java-11-openjdk-amd64/lib/libinstrument.so
7f189f44f000-7f189f450000 rw-p 0000a000 fd:00 3412961                    /usr/lib/jvm/java-11-openjdk-amd64/lib/libinstrument.so
7f189f450000-7f189f455000 r-xp 00000000 fd:00 3413023                    /usr/lib/jvm/java-11-openjdk-amd64/lib/libjimage.so
7f189f455000-7f189f654000 ---p 00005000 fd:00 3413023                    /usr/lib/jvm/java-11-openjdk-amd64/lib/libjimage.so
7f189f654000-7f189f655000 r--p 00004000 fd:00 3413023                    /usr/lib/jvm/java-11-openjdk-amd64/lib/libjimage.so
7f189f655000-7f189f656000 rw-p 00005000 fd:00 3413023                    /usr/lib/jvm/java-11-openjdk-amd64/lib/libjimage.so
7f189f656000-7f189f67f000 r-xp 00000000 fd:00 3412971                    /usr/lib/jvm/java-11-openjdk-amd64/lib/libjava.so
7f189f67f000-7f189f87f000 ---p 00029000 fd:00 3412971                    /usr/lib/jvm/java-11-openjdk-amd64/lib/libjava.so
7f189f87f000-7f189f880000 r--p 00029000 fd:00 3412971                    /usr/lib/jvm/java-11-openjdk-amd64/lib/libjava.so
7f189f880000-7f189f881000 rw-p 0002a000 fd:00 3412971                    /usr/lib/jvm/java-11-openjdk-amd64/lib/libjava.so
7f189f881000-7f189f882000 rw-p 00000000 00:00 0 
7f189f882000-7f189f88f000 r-xp 00000000 fd:00 3413055                    /usr/lib/jvm/java-11-openjdk-amd64/lib/libverify.so
7f189f88f000-7f189fa8e000 ---p 0000d000 fd:00 3413055                    /usr/lib/jvm/java-11-openjdk-amd64/lib/libverify.so
7f189fa8e000-7f189fa90000 r--p 0000c000 fd:00 3413055                    /usr/lib/jvm/java-11-openjdk-amd64/lib/libverify.so
7f189fa90000-7f189fa91000 rw-p 0000e000 fd:00 3413055                    /usr/lib/jvm/java-11-openjdk-amd64/lib/libverify.so
7f189fa91000-7f189fa98000 r-xp 00000000 fd:00 786864                     /lib/x86_64-linux-gnu/librt-2.27.so
7f189fa98000-7f189fc97000 ---p 00007000 fd:00 786864                     /lib/x86_64-linux-gnu/librt-2.27.so
7f189fc97000-7f189fc98000 r--p 00006000 fd:00 786864                     /lib/x86_64-linux-gnu/librt-2.27.so
7f189fc98000-7f189fc99000 rw-p 00007000 fd:00 786864                     /lib/x86_64-linux-gnu/librt-2.27.so
7f189fc99000-7f189fcb0000 r-xp 00000000 fd:00 786748                     /lib/x86_64-linux-gnu/libgcc_s.so.1
7f189fcb0000-7f189feaf000 ---p 00017000 fd:00 786748                     /lib/x86_64-linux-gnu/libgcc_s.so.1
7f189feaf000-7f189feb0000 r--p 00016000 fd:00 786748                     /lib/x86_64-linux-gnu/libgcc_s.so.1
7f189feb0000-7f189feb1000 rw-p 00017000 fd:00 786748                     /lib/x86_64-linux-gnu/libgcc_s.so.1
7f189feb1000-7f18a004e000 r-xp 00000000 fd:00 786851                     /lib/x86_64-linux-gnu/libm-2.27.so
7f18a004e000-7f18a024d000 ---p 0019d000 fd:00 786851                     /lib/x86_64-linux-gnu/libm-2.27.so
7f18a024d000-7f18a024e000 r--p 0019c000 fd:00 786851                     /lib/x86_64-linux-gnu/libm-2.27.so
7f18a024e000-7f18a024f000 rw-p 0019d000 fd:00 786851                     /lib/x86_64-linux-gnu/libm-2.27.so
7f18a024f000-7f18a03c8000 r-xp 00000000 fd:00 3411337                    /usr/lib/x86_64-linux-gnu/libstdc++.so.6.0.25
7f18a03c8000-7f18a05c8000 ---p 00179000 fd:00 3411337                    /usr/lib/x86_64-linux-gnu/libstdc++.so.6.0.25
7f18a05c8000-7f18a05d2000 r--p 00179000 fd:00 3411337                    /usr/lib/x86_64-linux-gnu/libstdc++.so.6.0.25
7f18a05d2000-7f18a05d4000 rw-p 00183000 fd:00 3411337                    /usr/lib/x86_64-linux-gnu/libstdc++.so.6.0.25
7f18a05d4000-7f18a05d8000 rw-p 00000000 00:00 0 
7f18a05d8000-7f18a16b6000 r-xp 00000000 fd:00 3413066                    /usr/lib/jvm/java-11-openjdk-amd64/lib/server/libjvm.so
7f18a16b6000-7f18a18b5000 ---p 010de000 fd:00 3413066                    /usr/lib/jvm/java-11-openjdk-amd64/lib/server/libjvm.so
7f18a18b5000-7f18a1972000 r--p 010dd000 fd:00 3413066                    /usr/lib/jvm/java-11-openjdk-amd64/lib/server/libjvm.so
7f18a1972000-7f18a19ab000 rw-p 0119a000 fd:00 3413066                    /usr/lib/jvm/java-11-openjdk-amd64/lib/server/libjvm.so
7f18a19ab000-7f18a1a02000 rw-p 00000000 00:00 0 
7f18a1a02000-7f18a1a1c000 r-xp 00000000 fd:00 786862                     /lib/x86_64-linux-gnu/libpthread-2.27.so
7f18a1a1c000-7f18a1c1b000 ---p 0001a000 fd:00 786862                     /lib/x86_64-linux-gnu/libpthread-2.27.so
7f18a1c1b000-7f18a1c1c000 r--p 00019000 fd:00 786862                     /lib/x86_64-linux-gnu/libpthread-2.27.so
7f18a1c1c000-7f18a1c1d000 rw-p 0001a000 fd:00 786862                     /lib/x86_64-linux-gnu/libpthread-2.27.so
7f18a1c1d000-7f18a1c21000 rw-p 00000000 00:00 0 
7f18a1c21000-7f18a1c24000 r-xp 00000000 fd:00 786850                     /lib/x86_64-linux-gnu/libdl-2.27.so
7f18a1c24000-7f18a1e23000 ---p 00003000 fd:00 786850                     /lib/x86_64-linux-gnu/libdl-2.27.so
7f18a1e23000-7f18a1e24000 r--p 00002000 fd:00 786850                     /lib/x86_64-linux-gnu/libdl-2.27.so
7f18a1e24000-7f18a1e25000 rw-p 00003000 fd:00 786850                     /lib/x86_64-linux-gnu/libdl-2.27.so
7f18a1e25000-7f18a1e41000 r-xp 00000000 fd:00 791544                     /lib/x86_64-linux-gnu/libz.so.1.2.11
7f18a1e41000-7f18a2040000 ---p 0001c000 fd:00 791544                     /lib/x86_64-linux-gnu/libz.so.1.2.11
7f18a2040000-7f18a2041000 r--p 0001b000 fd:00 791544                     /lib/x86_64-linux-gnu/libz.so.1.2.11
7f18a2041000-7f18a2042000 rw-p 0001c000 fd:00 791544                     /lib/x86_64-linux-gnu/libz.so.1.2.11
7f18a2042000-7f18a2229000 r-xp 00000000 fd:00 786847                     /lib/x86_64-linux-gnu/libc-2.27.so
7f18a2229000-7f18a2429000 ---p 001e7000 fd:00 786847                     /lib/x86_64-linux-gnu/libc-2.27.so
7f18a2429000-7f18a242d000 r--p 001e7000 fd:00 786847                     /lib/x86_64-linux-gnu/libc-2.27.so
7f18a242d000-7f18a242f000 rw-p 001eb000 fd:00 786847                     /lib/x86_64-linux-gnu/libc-2.27.so
7f18a242f000-7f18a2433000 rw-p 00000000 00:00 0 
7f18a2433000-7f18a2443000 r-xp 00000000 fd:00 3412939                    /usr/lib/jvm/java-11-openjdk-amd64/lib/jli/libjli.so
7f18a2443000-7f18a2642000 ---p 00010000 fd:00 3412939                    /usr/lib/jvm/java-11-openjdk-amd64/lib/jli/libjli.so
7f18a2642000-7f18a2643000 r--p 0000f000 fd:00 3412939                    /usr/lib/jvm/java-11-openjdk-amd64/lib/jli/libjli.so
7f18a2643000-7f18a2644000 rw-p 00010000 fd:00 3412939                    /usr/lib/jvm/java-11-openjdk-amd64/lib/jli/libjli.so
7f18a2644000-7f18a266b000 r-xp 00000000 fd:00 786756                     /lib/x86_64-linux-gnu/ld-2.27.so
7f18a266c000-7f18a2732000 rw-p 00000000 00:00 0 
7f18a2732000-7f18a274a000 r--s 0019f000 fd:00 1317677                    /home/local/resources/lombok.jar
7f18a274a000-7f18a274e000 ---p 00000000 00:00 0 
7f18a274e000-7f18a284d000 rw-p 00000000 00:00 0 
7f18a2851000-7f18a2856000 rw-p 00000000 00:00 0 
7f18a2856000-7f18a285d000 ---p 00000000 00:00 0 
7f18a285d000-7f18a285f000 r--s 00007000 fd:00 3803850                    /usr/share/java/java-atk-wrapper.jar
7f18a285f000-7f18a2867000 rw-s 00000000 fd:00 3802154                    /tmp/hsperfdata_local/17405
7f18a2867000-7f18a2868000 ---p 00000000 00:00 0 
7f18a2868000-7f18a2869000 r--p 00000000 00:00 0 
7f18a2869000-7f18a286b000 rw-p 00000000 00:00 0 
7f18a286b000-7f18a286c000 r--p 00027000 fd:00 786756                     /lib/x86_64-linux-gnu/ld-2.27.so
7f18a286c000-7f18a286d000 rw-p 00028000 fd:00 786756                     /lib/x86_64-linux-gnu/ld-2.27.so
7f18a286d000-7f18a286e000 rw-p 00000000 00:00 0 
7ffd1fe8e000-7ffd1feaf000 rw-p 00000000 00:00 0                          [stack]
7ffd1ff04000-7ffd1ff07000 r--p 00000000 00:00 0                          [vvar]
7ffd1ff07000-7ffd1ff08000 r-xp 00000000 00:00 0                          [vdso]
ffffffffff600000-ffffffffff601000 --xp 00000000 00:00 0                  [vsyscall]


VM Arguments:
jvm_args: -Declipse.application=org.eclipse.jdt.ls.core.id1 -Dosgi.bundles.defaultStartLevel=4 -Declipse.product=org.eclipse.jdt.ls.core.product -Dlog.protocol=true -Dlog.level=ALL -Xverify:none -Djdt.codeCompleteSubstringMatch=false -Xmx16G -Xms16g -XX:+UseG1GC -XX:+UseStringDeduplication -XX:+AggressiveOpts -javaagent:/home/local/resources/lombok.jar -Xbootclasspath/a:/home/local/resources/lombok.jar 
java_command: /home/local/resources/eclipse.jdt.ls/server/plugins/org.eclipse.equinox.launcher_1.5.700.v20200207-2156.jar -configuration /home/local/resources/eclipse.jdt.ls/server/config_linux -data /home/local/workspace/ --add-modules=ALL-SYSTEM --add-opens java.base/java.util=ALL-UNNAMED --add-opens java.base/java.lang=ALL-UNNAMED
java_class_path (initial): /home/local/resources/eclipse.jdt.ls/server/plugins/org.eclipse.equinox.launcher_1.5.700.v20200207-2156.jar
Launcher Type: SUN_STANDARD

[Global flags]
     bool AggressiveOpts                           = true                                      {product} {command line}
     bool BytecodeVerificationLocal                = false                                     {product} {command line}
     bool BytecodeVerificationRemote               = false                                     {product} {command line}
     intx CICompilerCount                          = 3                                         {product} {ergonomic}
     uint ConcGCThreads                            = 1                                         {product} {ergonomic}
     uint G1ConcRefinementThreads                  = 4                                         {product} {ergonomic}
   size_t G1HeapRegionSize                         = 8388608                                   {product} {ergonomic}
    uintx GCDrainStackTargetSize                   = 64                                        {product} {ergonomic}
   size_t InitialHeapSize                          = 17179869184                               {product} {command line}
   size_t MarkStackSize                            = 4194304                                   {product} {ergonomic}
   size_t MaxHeapSize                              = 17179869184                               {product} {command line}
   size_t MinHeapDeltaBytes                        = 8388608                                   {product} {ergonomic}
    uintx NonNMethodCodeHeapSize                   = 5830732                                {pd product} {ergonomic}
    uintx NonProfiledCodeHeapSize                  = 122913754                              {pd product} {ergonomic}
    uintx ProfiledCodeHeapSize                     = 122913754                              {pd product} {ergonomic}
    uintx ReservedCodeCacheSize                    = 251658240                              {pd product} {ergonomic}
     bool SegmentedCodeCache                       = true                                      {product} {ergonomic}
     bool UseCompressedClassPointers               = true                                 {lp64_product} {ergonomic}
     bool UseCompressedOops                        = true                                 {lp64_product} {ergonomic}
     bool UseG1GC                                  = true                                      {product} {command line}
     bool UseStringDeduplication                   = true                                      {product} {command line}

Logging:
Log output configuration:
 #0: stdout all=warning uptime,level,tags
 #1: stderr all=off uptime,level,tags

Environment Variables:
PATH=/opt/riscv/bin:/home/local/.local/bin:/home/local/.local/bin:/usr/local/sbin:/usr/local/bin:/usr/sbin:/usr/bin:/sbin:/bin:/usr/games:/usr/local/games:/snap/bin
USERNAME=local
SHELL=/bin/bash
DISPLAY=:0
LANG=en_CA.UTF-8

Signal Handlers:
SIGSEGV: [libjvm.so+0xdf9610], sa_mask[0]=11111111011111111101111111111110, sa_flags=SA_RESTART|SA_SIGINFO
SIGBUS: [libjvm.so+0xdf9610], sa_mask[0]=11111111011111111101111111111110, sa_flags=SA_RESTART|SA_SIGINFO
SIGFPE: [libjvm.so+0xdf9610], sa_mask[0]=11111111011111111101111111111110, sa_flags=SA_RESTART|SA_SIGINFO
SIGPIPE: [libjvm.so+0xbcc360], sa_mask[0]=11111111011111111101111111111110, sa_flags=SA_RESTART|SA_SIGINFO
SIGXFSZ: [libjvm.so+0xbcc360], sa_mask[0]=11111111011111111101111111111110, sa_flags=SA_RESTART|SA_SIGINFO
SIGILL: [libjvm.so+0xdf9610], sa_mask[0]=11111111011111111101111111111110, sa_flags=SA_RESTART|SA_SIGINFO
SIGUSR2: [libjvm.so+0xbcc200], sa_mask[0]=00000000000000000000000000000000, sa_flags=SA_RESTART|SA_SIGINFO
SIGHUP: SIG_DFL, sa_mask[0]=00000000000000000000000000000000, sa_flags=none
SIGINT: SIG_DFL, sa_mask[0]=00000000000000000000000000000000, sa_flags=none
SIGTERM: SIG_DFL, sa_mask[0]=00000000000000000000000000000000, sa_flags=none
SIGQUIT: SIG_DFL, sa_mask[0]=00000000000000000000000000000000, sa_flags=none


---------------  S Y S T E M  ---------------

OS:DISTRIB_ID=Ubuntu
DISTRIB_RELEASE=18.04
DISTRIB_CODENAME=bionic
DISTRIB_DESCRIPTION="Ubuntu 18.04.5 LTS"
uname:Linux 5.4.0-45-generic #49~18.04.2-Ubuntu SMP Wed Aug 26 16:29:02 UTC 2020 x86_64
OS uptime: 0 days 7:33 hours
libc:glibc 2.27 NPTL 2.27 
rlimit (soft/hard): STACK 9788k/infinity , CORE 0k/infinity , NPROC 31147/31147 , NOFILE 1048576/1048576 , AS infinity/infinity , CPU infinity/infinity , DATA infinity/infinity , FSIZE infinity/infinity , MEMLOCK 16384k/16384k
load average:0.47 0.48 0.30

/proc/meminfo:
MemTotal:        8023760 kB
MemFree:         2151176 kB
MemAvailable:    4731272 kB
Buffers:          308424 kB
Cached:          3299604 kB
SwapCached:            0 kB
Active:          2967276 kB
Inactive:        2144492 kB
Active(anon):    1780684 kB
Inactive(anon):   718024 kB
Active(file):    1186592 kB
Inactive(file):  1426468 kB
Unevictable:      274272 kB
Mlocked:              48 kB
SwapTotal:       1003516 kB
SwapFree:        1003516 kB
Dirty:              1408 kB
Writeback:             0 kB
AnonPages:       1778268 kB
Mapped:          1134960 kB
Shmem:            994972 kB
KReclaimable:     271648 kB
Slab:             351284 kB
SReclaimable:     271648 kB
SUnreclaim:        79636 kB
KernelStack:       14624 kB
PageTables:        70164 kB
NFS_Unstable:          0 kB
Bounce:                0 kB
WritebackTmp:          0 kB
CommitLimit:     5015396 kB
Committed_AS:   10842152 kB
VmallocTotal:   34359738367 kB
VmallocUsed:       31824 kB
VmallocChunk:          0 kB
Percpu:             3168 kB
HardwareCorrupted:     0 kB
AnonHugePages:         0 kB
ShmemHugePages:        0 kB
ShmemPmdMapped:        0 kB
FileHugePages:         0 kB
FilePmdMapped:         0 kB
CmaTotal:              0 kB
CmaFree:               0 kB
HugePages_Total:       0
HugePages_Free:        0
HugePages_Rsvd:        0
HugePages_Surp:        0
Hugepagesize:       2048 kB
Hugetlb:               0 kB
DirectMap4k:      295788 kB
DirectMap2M:     7964672 kB
DirectMap1G:           0 kB

/sys/kernel/mm/transparent_hugepage/enabled:
always [madvise] never

/sys/kernel/mm/transparent_hugepage/defrag (defrag/compaction efforts parameter):
always defer defer+madvise [madvise] never


/proc/sys/kernel/threads-max (system-wide limit on the number of threads):
62295


/proc/sys/vm/max_map_count (maximum number of memory map areas a process may have):
65530


/proc/sys/kernel/pid_max (system-wide limit on number of process identifiers):
32768



container (cgroup) information:
container_type: cgroupv1
cpu_cpuset_cpus: 0-3
cpu_memory_nodes: 0
active_processor_count: 4
cpu_quota: -1
cpu_period: 100000
cpu_shares: -1
memory_limit_in_bytes: -1
memory_and_swap_limit_in_bytes: -2
memory_soft_limit_in_bytes: -1
memory_usage_in_bytes: 5515571200
memory_max_usage_in_bytes: 0

Steal ticks since vm start: 0
Steal ticks percentage since vm start:  0.000

CPU:total 4 (initial active 4) (2 cores per cpu, 2 threads per core) family 6 model 61 stepping 4, cmov, cx8, fxsr, mmx, sse, sse2, sse3, ssse3, sse4.1, sse4.2, popcnt, avx, avx2, aes, clmul, erms, rtm, 3dnowpref, lzcnt, ht, tsc, tscinvbit, bmi1, bmi2, adx, fma
CPU Model and flags from /proc/cpuinfo:
model name	: Intel(R) Core(TM) i7-5600U CPU @ 2.60GHz
flags		: fpu vme de pse tsc msr pae mce cx8 apic sep mtrr pge mca cmov pat pse36 clflush dts acpi mmx fxsr sse sse2 ss ht tm pbe syscall nx pdpe1gb rdtscp lm constant_tsc arch_perfmon pebs bts rep_good nopl xtopology nonstop_tsc cpuid aperfmperf pni pclmulqdq dtes64 monitor ds_cpl vmx smx est tm2 ssse3 sdbg fma cx16 xtpr pdcm pcid sse4_1 sse4_2 x2apic movbe popcnt tsc_deadline_timer aes xsave avx f16c rdrand lahf_lm abm 3dnowprefetch cpuid_fault epb invpcid_single pti ssbd ibrs ibpb stibp tpr_shadow vnmi flexpriority ept vpid ept_ad fsgsbase tsc_adjust bmi1 hle avx2 smep bmi2 erms invpcid rtm rdseed adx smap intel_pt xsaveopt dtherm ida arat pln pts md_clear flush_l1d

Memory: 4k page, physical 8023760k(2151176k free), swap 1003516k(1003516k free)

vm_info: OpenJDK 64-Bit Server VM (11.0.8+10-post-Ubuntu-0ubuntu118.04.1) for linux-amd64 JRE (11.0.8+10-post-Ubuntu-0ubuntu118.04.1), built on Jul 15 2020 20:45:24 by "unknown" with gcc 7.5.0

END.
