#
# There is insufficient memory for the Java Runtime Environment to continue.
# Native memory allocation (mmap) failed to map 17179869184 bytes for committing reserved memory.
# Possible reasons:
#   The system is out of physical RAM or swap space
#   The process is running with CompressedOops enabled, and the Java Heap may be blocking the growth of the native heap
# Possible solutions:
#   Reduce memory load on the system
#   Increase physical memory or swap space
#   Check if swap backing store is full
#   Decrease Java heap size (-Xmx/-Xms)
#   Decrease number of Java threads
#   Decrease Java thread stack sizes (-Xss)
#   Set larger code cache with -XX:ReservedCodeCacheSize=
# This output file may be truncated or incomplete.
#
#  Out of Memory Error (os_linux.cpp:2886), pid=17453, tid=17454
#
# JRE version:  (11.0.8+10) (build )
# Java VM: OpenJDK 64-Bit Server VM (11.0.8+10-post-Ubuntu-0ubuntu118.04.1, mixed mode, sharing, tiered, compressed oops, g1 gc, linux-amd64)
# No core dump will be written. Core dumps have been disabled. To enable core dumping, try "ulimit -c unlimited" before starting Java again
#

---------------  S U M M A R Y ------------

Command Line: -Declipse.application=org.eclipse.jdt.ls.core.id1 -Dosgi.bundles.defaultStartLevel=4 -Declipse.product=org.eclipse.jdt.ls.core.product -Dlog.protocol=true -Dlog.level=ALL -Xverify:none -Djdt.codeCompleteSubstringMatch=false -Xmx16G -Xms16g -XX:+UseG1GC -XX:+UseStringDeduplication -XX:+AggressiveOpts -javaagent:/home/local/resources/lombok.jar -Xbootclasspath/a:/home/local/resources/lombok.jar /home/local/resources/eclipse.jdt.ls/server/plugins/org.eclipse.equinox.launcher_1.5.700.v20200207-2156.jar -configuration /home/local/resources/eclipse.jdt.ls/server/config_linux -data /home/local/workspace/ --add-modules=ALL-SYSTEM --add-opens java.base/java.util=ALL-UNNAMED --add-opens java.base/java.lang=ALL-UNNAMED

Host: Intel(R) Core(TM) i7-5600U CPU @ 2.60GHz, 4 cores, 7G, Ubuntu 18.04.5 LTS
Time: Sun Sep  6 22:52:16 2020 PDT elapsed time: 0 seconds (0d 0h 0m 0s)

---------------  T H R E A D  ---------------

Current thread (0x00007f0b44018800):  JavaThread "Unknown thread" [_thread_in_vm, id=17454, stack(0x00007f0b4b7b5000,0x00007f0b4b8b6000)]

Stack: [0x00007f0b4b7b5000,0x00007f0b4b8b6000],  sp=0x00007f0b4b8b4220,  free space=1020k
Native frames: (J=compiled Java code, A=aot compiled Java code, j=interpreted, Vv=VM code, C=native code)
V  [libjvm.so+0xdf8919]
V  [libjvm.so+0xdf95ab]
V  [libjvm.so+0x651835]
V  [libjvm.so+0xbd0698]
V  [libjvm.so+0xbc7acd]
V  [libjvm.so+0x77053f]
V  [libjvm.so+0x7707ae]
V  [libjvm.so+0x77c820]
V  [libjvm.so+0x7f8a49]
V  [libjvm.so+0x7f96a2]
V  [libjvm.so+0x7f9b09]
V  [libjvm.so+0x72ec3f]
V  [libjvm.so+0x72f32d]
V  [libjvm.so+0xdb2da2]
V  [libjvm.so+0xdb3036]
V  [libjvm.so+0x81c777]
V  [libjvm.so+0xd89eff]
V  [libjvm.so+0x8d6221]  JNI_CreateJavaVM+0x51
C  [libjli.so+0x4aef]
C  [libjli.so+0x946d]


---------------  P R O C E S S  ---------------

Threads class SMR info:
_java_thread_list=0x000055c9d207d540, length=0, elements={
}

Java Threads: ( => current thread )

Other Threads:
  0x00007f0b44035800 GCTaskThread "GC Thread#0" [stack: 0x00007f0b2bdec000,0x00007f0b2beec000] [id=17455]
  0x00007f0b44059000 ConcurrentGCThread "G1 Main Marker" [stack: 0x00007f0b298e6000,0x00007f0b299e6000] [id=17456]
  0x00007f0b4405b000 ConcurrentGCThread "G1 Conc#0" [stack: 0x00007f0b297e4000,0x00007f0b298e4000] [id=17457]

[error occurred during error reporting (printing all threads), id 0xb, SIGSEGV (0xb) at pc=0x00007f0b49d8af80]

VM state:not at safepoint (not fully initialized)

VM Mutex/Monitor currently owned by a thread:  ([mutex/lock_event])
[0x00007f0b44014e90] Heap_lock - owner thread: 0x00007f0b44018800

Heap address: 0x0000000400000000, size: 16384 MB, Compressed Oops mode: Non-zero based: 0x0000000400000000
Narrow klass base: 0x0000000000000000, Narrow klass shift: 0

GC Heap History (0 events):
No events

Deoptimization events (0 events):
No events

Classes redefined (0 events):
No events

Internal exceptions (0 events):
No events

Events (2 events):
Event: 0.001 Protecting memory [0x00007f0b4b7b5000,0x00007f0b4b7b9000] with protection modes 0
Event: 0.002 Loaded shared library /usr/lib/jvm/java-11-openjdk-amd64/lib/libzip.so


Dynamic libraries:
55c9d1aa8000-55c9d1aa9000 r-xp 00000000 fd:00 3410694                    /usr/lib/jvm/java-11-openjdk-amd64/bin/java
55c9d1ca9000-55c9d1caa000 r--p 00001000 fd:00 3410694                    /usr/lib/jvm/java-11-openjdk-amd64/bin/java
55c9d1caa000-55c9d1cab000 rw-p 00002000 fd:00 3410694                    /usr/lib/jvm/java-11-openjdk-amd64/bin/java
55c9d2065000-55c9d2086000 rw-p 00000000 00:00 0                          [heap]
7f0af6000000-7f0af8000000 rw-p 00000000 00:00 0 
7f0af8000000-7f0af8021000 rw-p 00000000 00:00 0 
7f0af8021000-7f0afc000000 ---p 00000000 00:00 0 
7f0afc000000-7f0afc021000 rw-p 00000000 00:00 0 
7f0afc021000-7f0b24000000 ---p 00000000 00:00 0 
7f0b24000000-7f0b24021000 rw-p 00000000 00:00 0 
7f0b24021000-7f0b28000000 ---p 00000000 00:00 0 
7f0b293de000-7f0b297e2000 rw-p 00000000 00:00 0 
7f0b297e2000-7f0b297e3000 ---p 00000000 00:00 0 
7f0b297e3000-7f0b298e4000 rw-p 00000000 00:00 0 
7f0b298e4000-7f0b298e5000 ---p 00000000 00:00 0 
7f0b298e5000-7f0b299e6000 rw-p 00000000 00:00 0 
7f0b299e6000-7f0b2b9e6000 ---p 00000000 00:00 0 
7f0b2b9e6000-7f0b2bdea000 rw-p 00000000 00:00 0 
7f0b2bdea000-7f0b2bdeb000 ---p 00000000 00:00 0 
7f0b2bdeb000-7f0b2bef1000 rw-p 00000000 00:00 0 
7f0b2bef1000-7f0b2bfd7000 ---p 00000000 00:00 0 
7f0b2bfd7000-7f0b2bfdc000 rw-p 00000000 00:00 0 
7f0b2bfdc000-7f0b2c0c2000 ---p 00000000 00:00 0 
7f0b2c0c2000-7f0b2c332000 rwxp 00000000 00:00 0 
7f0b2c332000-7f0b2c652000 ---p 00000000 00:00 0 
7f0b2c652000-7f0b2c8c2000 rwxp 00000000 00:00 0 
7f0b2c8c2000-7f0b33b8a000 ---p 00000000 00:00 0 
7f0b33b8a000-7f0b33dfa000 rwxp 00000000 00:00 0 
7f0b33dfa000-7f0b3b0c2000 ---p 00000000 00:00 0 
7f0b3b0c2000-7f0b3b0c9000 r-xp 00000000 fd:00 3413058                    /usr/lib/jvm/java-11-openjdk-amd64/lib/libzip.so
7f0b3b0c9000-7f0b3b2c8000 ---p 00007000 fd:00 3413058                    /usr/lib/jvm/java-11-openjdk-amd64/lib/libzip.so
7f0b3b2c8000-7f0b3b2c9000 r--p 00006000 fd:00 3413058                    /usr/lib/jvm/java-11-openjdk-amd64/lib/libzip.so
7f0b3b2c9000-7f0b3b2ca000 rw-p 00007000 fd:00 3413058                    /usr/lib/jvm/java-11-openjdk-amd64/lib/libzip.so
7f0b3b2ca000-7f0b3b2d5000 r-xp 00000000 fd:00 786857                     /lib/x86_64-linux-gnu/libnss_files-2.27.so
7f0b3b2d5000-7f0b3b4d4000 ---p 0000b000 fd:00 786857                     /lib/x86_64-linux-gnu/libnss_files-2.27.so
7f0b3b4d4000-7f0b3b4d5000 r--p 0000a000 fd:00 786857                     /lib/x86_64-linux-gnu/libnss_files-2.27.so
7f0b3b4d5000-7f0b3b4d6000 rw-p 0000b000 fd:00 786857                     /lib/x86_64-linux-gnu/libnss_files-2.27.so
7f0b3b4d6000-7f0b3b4dc000 rw-p 00000000 00:00 0 
7f0b3b4dc000-7f0b3b4f3000 r-xp 00000000 fd:00 786854                     /lib/x86_64-linux-gnu/libnsl-2.27.so
7f0b3b4f3000-7f0b3b6f2000 ---p 00017000 fd:00 786854                     /lib/x86_64-linux-gnu/libnsl-2.27.so
7f0b3b6f2000-7f0b3b6f3000 r--p 00016000 fd:00 786854                     /lib/x86_64-linux-gnu/libnsl-2.27.so
7f0b3b6f3000-7f0b3b6f4000 rw-p 00017000 fd:00 786854                     /lib/x86_64-linux-gnu/libnsl-2.27.so
7f0b3b6f4000-7f0b3b6f6000 rw-p 00000000 00:00 0 
7f0b3b6f6000-7f0b3b701000 r-xp 00000000 fd:00 786859                     /lib/x86_64-linux-gnu/libnss_nis-2.27.so
7f0b3b701000-7f0b3b900000 ---p 0000b000 fd:00 786859                     /lib/x86_64-linux-gnu/libnss_nis-2.27.so
7f0b3b900000-7f0b3b901000 r--p 0000a000 fd:00 786859                     /lib/x86_64-linux-gnu/libnss_nis-2.27.so
7f0b3b901000-7f0b3b902000 rw-p 0000b000 fd:00 786859                     /lib/x86_64-linux-gnu/libnss_nis-2.27.so
7f0b3b902000-7f0b44000000 r--s 00000000 fd:00 3413060                    /usr/lib/jvm/java-11-openjdk-amd64/lib/modules
7f0b44000000-7f0b44076000 rw-p 00000000 00:00 0 
7f0b44076000-7f0b48000000 ---p 00000000 00:00 0 
7f0b480a6000-7f0b480ae000 r-xp 00000000 fd:00 786855                     /lib/x86_64-linux-gnu/libnss_compat-2.27.so
7f0b480ae000-7f0b482ae000 ---p 00008000 fd:00 786855                     /lib/x86_64-linux-gnu/libnss_compat-2.27.so
7f0b482ae000-7f0b482af000 r--p 00008000 fd:00 786855                     /lib/x86_64-linux-gnu/libnss_compat-2.27.so
7f0b482af000-7f0b482b0000 rw-p 00009000 fd:00 786855                     /lib/x86_64-linux-gnu/libnss_compat-2.27.so
7f0b482b0000-7f0b482ba000 r-xp 00000000 fd:00 3412961                    /usr/lib/jvm/java-11-openjdk-amd64/lib/libinstrument.so
7f0b482ba000-7f0b484b9000 ---p 0000a000 fd:00 3412961                    /usr/lib/jvm/java-11-openjdk-amd64/lib/libinstrument.so
7f0b484b9000-7f0b484ba000 r--p 00009000 fd:00 3412961                    /usr/lib/jvm/java-11-openjdk-amd64/lib/libinstrument.so
7f0b484ba000-7f0b484bb000 rw-p 0000a000 fd:00 3412961                    /usr/lib/jvm/java-11-openjdk-amd64/lib/libinstrument.so
7f0b484bb000-7f0b484c0000 r-xp 00000000 fd:00 3413023                    /usr/lib/jvm/java-11-openjdk-amd64/lib/libjimage.so
7f0b484c0000-7f0b486bf000 ---p 00005000 fd:00 3413023                    /usr/lib/jvm/java-11-openjdk-amd64/lib/libjimage.so
7f0b486bf000-7f0b486c0000 r--p 00004000 fd:00 3413023                    /usr/lib/jvm/java-11-openjdk-amd64/lib/libjimage.so
7f0b486c0000-7f0b486c1000 rw-p 00005000 fd:00 3413023                    /usr/lib/jvm/java-11-openjdk-amd64/lib/libjimage.so
7f0b486c1000-7f0b486ea000 r-xp 00000000 fd:00 3412971                    /usr/lib/jvm/java-11-openjdk-amd64/lib/libjava.so
7f0b486ea000-7f0b488ea000 ---p 00029000 fd:00 3412971                    /usr/lib/jvm/java-11-openjdk-amd64/lib/libjava.so
7f0b488ea000-7f0b488eb000 r--p 00029000 fd:00 3412971                    /usr/lib/jvm/java-11-openjdk-amd64/lib/libjava.so
7f0b488eb000-7f0b488ec000 rw-p 0002a000 fd:00 3412971                    /usr/lib/jvm/java-11-openjdk-amd64/lib/libjava.so
7f0b488ec000-7f0b488ed000 rw-p 00000000 00:00 0 
7f0b488ed000-7f0b488fa000 r-xp 00000000 fd:00 3413055                    /usr/lib/jvm/java-11-openjdk-amd64/lib/libverify.so
7f0b488fa000-7f0b48af9000 ---p 0000d000 fd:00 3413055                    /usr/lib/jvm/java-11-openjdk-amd64/lib/libverify.so
7f0b48af9000-7f0b48afb000 r--p 0000c000 fd:00 3413055                    /usr/lib/jvm/java-11-openjdk-amd64/lib/libverify.so
7f0b48afb000-7f0b48afc000 rw-p 0000e000 fd:00 3413055                    /usr/lib/jvm/java-11-openjdk-amd64/lib/libverify.so
7f0b48afc000-7f0b48b03000 r-xp 00000000 fd:00 786864                     /lib/x86_64-linux-gnu/librt-2.27.so
7f0b48b03000-7f0b48d02000 ---p 00007000 fd:00 786864                     /lib/x86_64-linux-gnu/librt-2.27.so
7f0b48d02000-7f0b48d03000 r--p 00006000 fd:00 786864                     /lib/x86_64-linux-gnu/librt-2.27.so
7f0b48d03000-7f0b48d04000 rw-p 00007000 fd:00 786864                     /lib/x86_64-linux-gnu/librt-2.27.so
7f0b48d04000-7f0b48d1b000 r-xp 00000000 fd:00 786748                     /lib/x86_64-linux-gnu/libgcc_s.so.1
7f0b48d1b000-7f0b48f1a000 ---p 00017000 fd:00 786748                     /lib/x86_64-linux-gnu/libgcc_s.so.1
7f0b48f1a000-7f0b48f1b000 r--p 00016000 fd:00 786748                     /lib/x86_64-linux-gnu/libgcc_s.so.1
7f0b48f1b000-7f0b48f1c000 rw-p 00017000 fd:00 786748                     /lib/x86_64-linux-gnu/libgcc_s.so.1
7f0b48f1c000-7f0b490b9000 r-xp 00000000 fd:00 786851                     /lib/x86_64-linux-gnu/libm-2.27.so
7f0b490b9000-7f0b492b8000 ---p 0019d000 fd:00 786851                     /lib/x86_64-linux-gnu/libm-2.27.so
7f0b492b8000-7f0b492b9000 r--p 0019c000 fd:00 786851                     /lib/x86_64-linux-gnu/libm-2.27.so
7f0b492b9000-7f0b492ba000 rw-p 0019d000 fd:00 786851                     /lib/x86_64-linux-gnu/libm-2.27.so
7f0b492ba000-7f0b49433000 r-xp 00000000 fd:00 3411337                    /usr/lib/x86_64-linux-gnu/libstdc++.so.6.0.25
7f0b49433000-7f0b49633000 ---p 00179000 fd:00 3411337                    /usr/lib/x86_64-linux-gnu/libstdc++.so.6.0.25
7f0b49633000-7f0b4963d000 r--p 00179000 fd:00 3411337                    /usr/lib/x86_64-linux-gnu/libstdc++.so.6.0.25
7f0b4963d000-7f0b4963f000 rw-p 00183000 fd:00 3411337                    /usr/lib/x86_64-linux-gnu/libstdc++.so.6.0.25
7f0b4963f000-7f0b49643000 rw-p 00000000 00:00 0 
7f0b49643000-7f0b4a721000 r-xp 00000000 fd:00 3413066                    /usr/lib/jvm/java-11-openjdk-amd64/lib/server/libjvm.so
7f0b4a721000-7f0b4a920000 ---p 010de000 fd:00 3413066                    /usr/lib/jvm/java-11-openjdk-amd64/lib/server/libjvm.so
7f0b4a920000-7f0b4a9dd000 r--p 010dd000 fd:00 3413066                    /usr/lib/jvm/java-11-openjdk-amd64/lib/server/libjvm.so
7f0b4a9dd000-7f0b4aa16000 rw-p 0119a000 fd:00 3413066                    /usr/lib/jvm/java-11-openjdk-amd64/lib/server/libjvm.so
7f0b4aa16000-7f0b4aa6d000 rw-p 00000000 00:00 0 
7f0b4aa6d000-7f0b4aa87000 r-xp 00000000 fd:00 786862                     /lib/x86_64-linux-gnu/libpthread-2.27.so
7f0b4aa87000-7f0b4ac86000 ---p 0001a000 fd:00 786862                     /lib/x86_64-linux-gnu/libpthread-2.27.so
7f0b4ac86000-7f0b4ac87000 r--p 00019000 fd:00 786862                     /lib/x86_64-linux-gnu/libpthread-2.27.so
7f0b4ac87000-7f0b4ac88000 rw-p 0001a000 fd:00 786862                     /lib/x86_64-linux-gnu/libpthread-2.27.so
7f0b4ac88000-7f0b4ac8c000 rw-p 00000000 00:00 0 
7f0b4ac8c000-7f0b4ac8f000 r-xp 00000000 fd:00 786850                     /lib/x86_64-linux-gnu/libdl-2.27.so
7f0b4ac8f000-7f0b4ae8e000 ---p 00003000 fd:00 786850                     /lib/x86_64-linux-gnu/libdl-2.27.so
7f0b4ae8e000-7f0b4ae8f000 r--p 00002000 fd:00 786850                     /lib/x86_64-linux-gnu/libdl-2.27.so
7f0b4ae8f000-7f0b4ae90000 rw-p 00003000 fd:00 786850                     /lib/x86_64-linux-gnu/libdl-2.27.so
7f0b4ae90000-7f0b4aeac000 r-xp 00000000 fd:00 791544                     /lib/x86_64-linux-gnu/libz.so.1.2.11
7f0b4aeac000-7f0b4b0ab000 ---p 0001c000 fd:00 791544                     /lib/x86_64-linux-gnu/libz.so.1.2.11
7f0b4b0ab000-7f0b4b0ac000 r--p 0001b000 fd:00 791544                     /lib/x86_64-linux-gnu/libz.so.1.2.11
7f0b4b0ac000-7f0b4b0ad000 rw-p 0001c000 fd:00 791544                     /lib/x86_64-linux-gnu/libz.so.1.2.11
7f0b4b0ad000-7f0b4b294000 r-xp 00000000 fd:00 786847                     /lib/x86_64-linux-gnu/libc-2.27.so
7f0b4b294000-7f0b4b494000 ---p 001e7000 fd:00 786847                     /lib/x86_64-linux-gnu/libc-2.27.so
7f0b4b494000-7f0b4b498000 r--p 001e7000 fd:00 786847                     /lib/x86_64-linux-gnu/libc-2.27.so
7f0b4b498000-7f0b4b49a000 rw-p 001eb000 fd:00 786847                     /lib/x86_64-linux-gnu/libc-2.27.so
7f0b4b49a000-7f0b4b49e000 rw-p 00000000 00:00 0 
7f0b4b49e000-7f0b4b4ae000 r-xp 00000000 fd:00 3412939                    /usr/lib/jvm/java-11-openjdk-amd64/lib/jli/libjli.so
7f0b4b4ae000-7f0b4b6ad000 ---p 00010000 fd:00 3412939                    /usr/lib/jvm/java-11-openjdk-amd64/lib/jli/libjli.so
7f0b4b6ad000-7f0b4b6ae000 r--p 0000f000 fd:00 3412939                    /usr/lib/jvm/java-11-openjdk-amd64/lib/jli/libjli.so
7f0b4b6ae000-7f0b4b6af000 rw-p 00010000 fd:00 3412939                    /usr/lib/jvm/java-11-openjdk-amd64/lib/jli/libjli.so
7f0b4b6af000-7f0b4b6d6000 r-xp 00000000 fd:00 786756                     /lib/x86_64-linux-gnu/ld-2.27.so
7f0b4b6d7000-7f0b4b79d000 rw-p 00000000 00:00 0 
7f0b4b79d000-7f0b4b7b5000 r--s 0019f000 fd:00 1317677                    /home/local/resources/lombok.jar
7f0b4b7b5000-7f0b4b7b9000 ---p 00000000 00:00 0 
7f0b4b7b9000-7f0b4b8b8000 rw-p 00000000 00:00 0 
7f0b4b8bc000-7f0b4b8c1000 rw-p 00000000 00:00 0 
7f0b4b8c1000-7f0b4b8c8000 ---p 00000000 00:00 0 
7f0b4b8c8000-7f0b4b8ca000 r--s 00007000 fd:00 3803850                    /usr/share/java/java-atk-wrapper.jar
7f0b4b8ca000-7f0b4b8d2000 rw-s 00000000 fd:00 3802154                    /tmp/hsperfdata_local/17453
7f0b4b8d2000-7f0b4b8d3000 ---p 00000000 00:00 0 
7f0b4b8d3000-7f0b4b8d4000 r--p 00000000 00:00 0 
7f0b4b8d4000-7f0b4b8d6000 rw-p 00000000 00:00 0 
7f0b4b8d6000-7f0b4b8d7000 r--p 00027000 fd:00 786756                     /lib/x86_64-linux-gnu/ld-2.27.so
7f0b4b8d7000-7f0b4b8d8000 rw-p 00028000 fd:00 786756                     /lib/x86_64-linux-gnu/ld-2.27.so
7f0b4b8d8000-7f0b4b8d9000 rw-p 00000000 00:00 0 
7ffea202f000-7ffea2050000 rw-p 00000000 00:00 0                          [stack]
7ffea209d000-7ffea20a0000 r--p 00000000 00:00 0                          [vvar]
7ffea20a0000-7ffea20a1000 r-xp 00000000 00:00 0                          [vdso]
ffffffffff600000-ffffffffff601000 --xp 00000000 00:00 0                  [vsyscall]


VM Arguments:
jvm_args: -Declipse.application=org.eclipse.jdt.ls.core.id1 -Dosgi.bundles.defaultStartLevel=4 -Declipse.product=org.eclipse.jdt.ls.core.product -Dlog.protocol=true -Dlog.level=ALL -Xverify:none -Djdt.codeCompleteSubstringMatch=false -Xmx16G -Xms16g -XX:+UseG1GC -XX:+UseStringDeduplication -XX:+AggressiveOpts -javaagent:/home/local/resources/lombok.jar -Xbootclasspath/a:/home/local/resources/lombok.jar 
java_command: /home/local/resources/eclipse.jdt.ls/server/plugins/org.eclipse.equinox.launcher_1.5.700.v20200207-2156.jar -configuration /home/local/resources/eclipse.jdt.ls/server/config_linux -data /home/local/workspace/ --add-modules=ALL-SYSTEM --add-opens java.base/java.util=ALL-UNNAMED --add-opens java.base/java.lang=ALL-UNNAMED
java_class_path (initial): /home/local/resources/eclipse.jdt.ls/server/plugins/org.eclipse.equinox.launcher_1.5.700.v20200207-2156.jar
Launcher Type: SUN_STANDARD

[Global flags]
     bool AggressiveOpts                           = true                                      {product} {command line}
     bool BytecodeVerificationLocal                = false                                     {product} {command line}
     bool BytecodeVerificationRemote               = false                                     {product} {command line}
     intx CICompilerCount                          = 3                                         {product} {ergonomic}
     uint ConcGCThreads                            = 1                                         {product} {ergonomic}
     uint G1ConcRefinementThreads                  = 4                                         {product} {ergonomic}
   size_t G1HeapRegionSize                         = 8388608                                   {product} {ergonomic}
    uintx GCDrainStackTargetSize                   = 64                                        {product} {ergonomic}
   size_t InitialHeapSize                          = 17179869184                               {product} {command line}
   size_t MarkStackSize                            = 4194304                                   {product} {ergonomic}
   size_t MaxHeapSize                              = 17179869184                               {product} {command line}
   size_t MinHeapDeltaBytes                        = 8388608                                   {product} {ergonomic}
    uintx NonNMethodCodeHeapSize                   = 5830732                                {pd product} {ergonomic}
    uintx NonProfiledCodeHeapSize                  = 122913754                              {pd product} {ergonomic}
    uintx ProfiledCodeHeapSize                     = 122913754                              {pd product} {ergonomic}
    uintx ReservedCodeCacheSize                    = 251658240                              {pd product} {ergonomic}
     bool SegmentedCodeCache                       = true                                      {product} {ergonomic}
     bool UseCompressedClassPointers               = true                                 {lp64_product} {ergonomic}
     bool UseCompressedOops                        = true                                 {lp64_product} {ergonomic}
     bool UseG1GC                                  = true                                      {product} {command line}
     bool UseStringDeduplication                   = true                                      {product} {command line}

Logging:
Log output configuration:
 #0: stdout all=warning uptime,level,tags
 #1: stderr all=off uptime,level,tags

Environment Variables:
PATH=/opt/riscv/bin:/home/local/.local/bin:/home/local/.local/bin:/usr/local/sbin:/usr/local/bin:/usr/sbin:/usr/bin:/sbin:/bin:/usr/games:/usr/local/games:/snap/bin
USERNAME=local
SHELL=/bin/bash
DISPLAY=:0
LANG=en_CA.UTF-8

Signal Handlers:
SIGSEGV: [libjvm.so+0xdf9610], sa_mask[0]=11111111011111111101111111111110, sa_flags=SA_RESTART|SA_SIGINFO
SIGBUS: [libjvm.so+0xdf9610], sa_mask[0]=11111111011111111101111111111110, sa_flags=SA_RESTART|SA_SIGINFO
SIGFPE: [libjvm.so+0xdf9610], sa_mask[0]=11111111011111111101111111111110, sa_flags=SA_RESTART|SA_SIGINFO
SIGPIPE: [libjvm.so+0xbcc360], sa_mask[0]=11111111011111111101111111111110, sa_flags=SA_RESTART|SA_SIGINFO
SIGXFSZ: [libjvm.so+0xbcc360], sa_mask[0]=11111111011111111101111111111110, sa_flags=SA_RESTART|SA_SIGINFO
SIGILL: [libjvm.so+0xdf9610], sa_mask[0]=11111111011111111101111111111110, sa_flags=SA_RESTART|SA_SIGINFO
SIGUSR2: [libjvm.so+0xbcc200], sa_mask[0]=00000000000000000000000000000000, sa_flags=SA_RESTART|SA_SIGINFO
SIGHUP: SIG_DFL, sa_mask[0]=00000000000000000000000000000000, sa_flags=none
SIGINT: SIG_DFL, sa_mask[0]=00000000000000000000000000000000, sa_flags=none
SIGTERM: SIG_DFL, sa_mask[0]=00000000000000000000000000000000, sa_flags=none
SIGQUIT: SIG_DFL, sa_mask[0]=00000000000000000000000000000000, sa_flags=none


---------------  S Y S T E M  ---------------

OS:DISTRIB_ID=Ubuntu
DISTRIB_RELEASE=18.04
DISTRIB_CODENAME=bionic
DISTRIB_DESCRIPTION="Ubuntu 18.04.5 LTS"
uname:Linux 5.4.0-45-generic #49~18.04.2-Ubuntu SMP Wed Aug 26 16:29:02 UTC 2020 x86_64
OS uptime: 0 days 7:33 hours
libc:glibc 2.27 NPTL 2.27 
rlimit (soft/hard): STACK 9788k/infinity , CORE 0k/infinity , NPROC 31147/31147 , NOFILE 1048576/1048576 , AS infinity/infinity , CPU infinity/infinity , DATA infinity/infinity , FSIZE infinity/infinity , MEMLOCK 16384k/16384k
load average:0.43 0.47 0.29

/proc/meminfo:
MemTotal:        8023760 kB
MemFree:         2147588 kB
MemAvailable:    4727792 kB
Buffers:          308456 kB
Cached:          3299504 kB
SwapCached:            0 kB
Active:          2971508 kB
Inactive:        2147896 kB
Active(anon):    1784468 kB
Inactive(anon):   721820 kB
Active(file):    1187040 kB
Inactive(file):  1426076 kB
Unevictable:      270332 kB
Mlocked:              48 kB
SwapTotal:       1003516 kB
SwapFree:        1003516 kB
Dirty:               416 kB
Writeback:             0 kB
AnonPages:       1781972 kB
Mapped:          1136996 kB
Shmem:            994676 kB
KReclaimable:     271700 kB
Slab:             351308 kB
SReclaimable:     271700 kB
SUnreclaim:        79608 kB
KernelStack:       14624 kB
PageTables:        69976 kB
NFS_Unstable:          0 kB
Bounce:                0 kB
WritebackTmp:          0 kB
CommitLimit:     5015396 kB
Committed_AS:   10857016 kB
VmallocTotal:   34359738367 kB
VmallocUsed:       31824 kB
VmallocChunk:          0 kB
Percpu:             3168 kB
HardwareCorrupted:     0 kB
AnonHugePages:         0 kB
ShmemHugePages:        0 kB
ShmemPmdMapped:        0 kB
FileHugePages:         0 kB
FilePmdMapped:         0 kB
CmaTotal:              0 kB
CmaFree:               0 kB
HugePages_Total:       0
HugePages_Free:        0
HugePages_Rsvd:        0
HugePages_Surp:        0
Hugepagesize:       2048 kB
Hugetlb:               0 kB
DirectMap4k:      295788 kB
DirectMap2M:     7964672 kB
DirectMap1G:           0 kB

/sys/kernel/mm/transparent_hugepage/enabled:
always [madvise] never

/sys/kernel/mm/transparent_hugepage/defrag (defrag/compaction efforts parameter):
always defer defer+madvise [madvise] never


/proc/sys/kernel/threads-max (system-wide limit on the number of threads):
62295


/proc/sys/vm/max_map_count (maximum number of memory map areas a process may have):
65530


/proc/sys/kernel/pid_max (system-wide limit on number of process identifiers):
32768



container (cgroup) information:
container_type: cgroupv1
cpu_cpuset_cpus: 0-3
cpu_memory_nodes: 0
active_processor_count: 4
cpu_quota: -1
cpu_period: 100000
cpu_shares: -1
memory_limit_in_bytes: -1
memory_and_swap_limit_in_bytes: -2
memory_soft_limit_in_bytes: -1
memory_usage_in_bytes: 5519151104
memory_max_usage_in_bytes: 0

Steal ticks since vm start: 0
Steal ticks percentage since vm start:  0.000

CPU:total 4 (initial active 4) (2 cores per cpu, 2 threads per core) family 6 model 61 stepping 4, cmov, cx8, fxsr, mmx, sse, sse2, sse3, ssse3, sse4.1, sse4.2, popcnt, avx, avx2, aes, clmul, erms, rtm, 3dnowpref, lzcnt, ht, tsc, tscinvbit, bmi1, bmi2, adx, fma
CPU Model and flags from /proc/cpuinfo:
model name	: Intel(R) Core(TM) i7-5600U CPU @ 2.60GHz
flags		: fpu vme de pse tsc msr pae mce cx8 apic sep mtrr pge mca cmov pat pse36 clflush dts acpi mmx fxsr sse sse2 ss ht tm pbe syscall nx pdpe1gb rdtscp lm constant_tsc arch_perfmon pebs bts rep_good nopl xtopology nonstop_tsc cpuid aperfmperf pni pclmulqdq dtes64 monitor ds_cpl vmx smx est tm2 ssse3 sdbg fma cx16 xtpr pdcm pcid sse4_1 sse4_2 x2apic movbe popcnt tsc_deadline_timer aes xsave avx f16c rdrand lahf_lm abm 3dnowprefetch cpuid_fault epb invpcid_single pti ssbd ibrs ibpb stibp tpr_shadow vnmi flexpriority ept vpid ept_ad fsgsbase tsc_adjust bmi1 hle avx2 smep bmi2 erms invpcid rtm rdseed adx smap intel_pt xsaveopt dtherm ida arat pln pts md_clear flush_l1d

Memory: 4k page, physical 8023760k(2147588k free), swap 1003516k(1003516k free)

vm_info: OpenJDK 64-Bit Server VM (11.0.8+10-post-Ubuntu-0ubuntu118.04.1) for linux-amd64 JRE (11.0.8+10-post-Ubuntu-0ubuntu118.04.1), built on Jul 15 2020 20:45:24 by "unknown" with gcc 7.5.0

END.
